0.045765 8
0.000169 68
18.013227 1
0.067416 1
0.337185 1
0.197362 1
0.307660 87
1.979630 1
1.158196 1
1.739760 1
0.729374 1
0.287638 1
0.344530 1
0.264548 93
2.247883 1
0.259067 1
0.438528 1
0.273367 1
0.208419 1
0.312643 1
0.706715 1
0.343295 1
0.312775 1
0.405754 1
0.262549 1
0.249462 1
0.474516 11
0.001914 34
0.000170 2
0.000059 1
0.000053 2
0.000051 109
0.000076 2
0.000051 1
0.000051 2
0.000053 74
0.000067 2
0.000051 71
0.000063 2
0.000051 74
0.000063 2
0.000051 2
0.000050 6
0.000052 1
0.000079 1
0.000057 5
0.000053 1
0.000050 1
0.000050 1
0.000050 1
0.000050 30
0.000057 2
0.000050 4
0.000137 1
0.000071 1
0.000054 5
0.000053 2
0.000051 4
0.000052 1
0.000050 1
0.000050 5
0.000088 2
0.000052 7
0.000053 1
0.000050 1
0.000050 5
0.000056 1
0.000051 1
0.000049 9
0.000053 2
0.000050 7
0.000053 1
0.000051 1
0.000049 5
0.000051 1
0.000050 1
0.000049 9
0.000052 2
0.000051 6
0.000089 1
0.000054 1
0.000054 6
0.000053 1
0.000050 1
0.000050 5
0.000056 2
0.000051 7
0.000052 1
0.000050 1
0.000050 6
0.000052 2
0.000052 7
0.000052 1
0.000050 1
0.000050 6
0.000052 2
0.000054 7
0.000098 1
0.000073 1
0.000076 6
0.000066 2
0.000056 4
0.000053 1
0.000050 1
0.000050 6
0.000052 1
0.000051 1
0.000050 5
0.000052 2
0.000054 7
0.000020 1
0.000052 1
0.000020 6
0.000017 1
0.000017 1
0.000017 13
0.000017 2
0.000017 7
0.000017 1
0.000017 1
0.000050 6
0.000022 1
0.000017 1
0.000018 13
0.000068 2
0.000020 8
0.000017 1
0.000017 6
0.000017 2
0.000017 3
0.000016 1
0.000017 1
0.000017 6
0.000017 2
0.000017 3
0.000017 1
0.000017 1
0.000017 6
0.000017 1
0.000017 1
0.000017 4
0.000017 2
0.000017 3
0.000016 1
0.000017 1
0.000105 6
0.000079 1
0.000051 1
0.000050 1
0.000020 1
0.000018 27
0.000017 2
0.000017 6
0.000017 1
0.000059 1
0.000020 6
0.000038 2
0.000028 4
0.000018 1
0.000017 1
0.000017 6
0.000017 1
0.000017 1
0.000016 4
0.000017 2
0.000017 4
0.000017 1
0.000017 1
0.000017 6
0.000017 1
0.000021 1
0.000070 9
0.000020 2
0.000019 4
0.000018 1
0.000019 1
0.000018 6
0.000018 1
0.000019 1
0.000018 9
0.000018 2
0.000019 5
0.000018 1
0.000018 1
0.000019 6
0.000018 1
0.000019 1
0.000018 7
0.000018 2
0.000069 6
0.000020 1
0.000018 1
0.000019 6
0.000018 1
0.000018 1
0.000019 1
0.000018 1
0.000019 30
0.000019 2
0.000019 6
0.000018 1
0.000018 1
0.000019 6
0.000049 2
0.000112 6
0.000021 1
0.000019 1
0.000018 6
0.000019 1
0.000018 1
0.000019 1
0.000018 1
0.000019 20
0.000020 2
0.000020 6
0.000018 1
0.000019 1
0.000019 6
0.000018 2
0.000019 6
0.000018 1
0.000019 1
0.000019 6
0.000018 2
0.000019 6
0.000018 1
0.000019 1
0.000018 6
0.000019 2
0.000019 4
0.000019 1
0.000084 1
0.000020 6
0.000019 2
0.000018 6
0.000019 1
0.000018 1
0.000019 6
0.000018 1
0.000019 1
0.000018 1
0.000019 1
0.000018 17
0.000056 2
0.000023 6
0.000019 1
0.000018 1
0.000019 6
0.000018 2
0.000019 4
0.000019 1
0.000018 1
0.000019 6
0.000018 1
0.000019 1
0.000084 3
0.000020 1
0.000052 1
0.000020 19
0.000019 2
0.000019 8
0.000018 1
0.000019 6
0.000018 1
0.000019 1
0.000019 27
0.000020 1
0.000079 13
0.000021 2
0.000019 8
0.000018 1
0.000019 6
0.000019 1
0.000019 1
0.000020 27
0.000018 1
0.000019 13
0.000019 2
0.000020 8
0.000019 1
0.000019 7
0.000018 1
0.000020 1
0.000019 4
0.000107 1
0.000037 1
0.000162 17
0.000050 17
0.000032 50
0.000031 24
0.000031 18
0.000032 40
0.000031 21
0.000031 16
0.000258 33
0.000057 9
0.000030 63
0.000029 39
0.000030 36
0.000029 22
0.000055 38
0.000051 11
0.000030 78
0.000029 16
0.000030 43
0.000030 12
0.000029 35
0.000030 27
0.000029 37
0.000026 20
0.000030 18
0.000029 38
0.000029 29
0.000028 26
0.000030 11
0.000026 52
0.000030 41
0.000029 14
0.000029 34
0.000030 12
0.000222 38
0.000043 3
0.000029 49
0.000029 33
0.000026 12
0.000054 28
0.000046 28
0.000029 47
0.000030 17
0.000029 30
0.000026 29
0.000030 21
0.000029 30
0.000029 12
0.000030 48
0.000026 18
0.000029 49
0.000030 17
0.000029 17
0.000029 28
0.000026 17
0.000030 11
0.000029 44
0.000029 14
0.000171 15
0.000042 34
0.000030 48
0.000029 20
0.000029 29
0.000029 59
0.000030 15
0.000026 46
0.000052 11
0.000042 30
0.000029 53
0.000030 21
0.000029 30
0.000029 62
0.000029 17
0.000027 14
0.000029 35
0.000159 12
0.000039 36
0.000029 40
0.000111 17
0.000030 73
0.000032 34
0.000026 25
0.000036 17
0.000049 31
0.000029 40
0.000029 23
0.000030 17
0.000188 40
0.000076 1
0.000049 31
0.000047 31
0.000042 37
0.000032 41
0.000030 39
0.000027 28
0.000030 19
0.000029 16
0.000029 34
0.000897 12
0.000277 4095
0.000056 4095
0.000019 838
0.001510 8
0.000058 74
2.824468 1
0.686396 1
0.499195 1
0.303766 1
0.606882 1
0.263642 1
0.218031 1
0.246340 1
0.347488 1
0.226700 1
0.205192 1
0.245800 1
0.851972 1
1.080127 1
1.022778 1
0.227857 1
0.203757 1
0.281191 1
0.202296 1
0.381563 11
0.003985 25
0.000428 34
0.000090 2
0.000057 1
0.000054 2
0.000054 111
0.000078 2
0.000054 1
0.000053 2
0.000053 74
0.000066 2
0.000054 71
0.000129 2
0.000064 74
0.000072 2
0.000055 2
0.000053 80
0.000068 2
0.000054 21
0.000057 2
0.000053 21
0.000058 2
0.000053 41
0.000061 2
0.000054 41
0.000062 2
0.000053 37
0.000060 2
0.000097 22
0.000059 2
0.000054 22
0.000058 2
0.000051 22
0.000055 2
0.000050 37
0.000058 2
0.000051 45
0.000059 2
0.000050 45
0.000059 2
0.000052 4
2.138608 28
0.000299 82
13.630596 1
0.209420 1
0.741176 1
0.644310 1
0.626382 1
0.247206 1
1.010485 1
0.220402 1
0.217832 1
0.269312 1
0.208206 1
0.394724 1
0.992201 1
0.500456 1
0.027977 1
0.030658 1
0.031061 1
0.327800 1
0.836924 5
0.192439 5
0.632947 5
0.204065 5
1.095357 5
0.254993 3
0.499993 3
0.030382 3
0.031281 3
0.031118 3
0.029796 3
5.230420 1
0.556974 1
0.543166 1
0.323030 1
0.318316 1
0.417470 1
0.291937 1
0.587334 11
0.005702 3
0.000116 2
0.000551 8
0.000118 74
6.150725 1
0.250420 1
0.252629 1
0.228474 1
0.364005 1
4.016388 1
0.374157 1
0.202598 1
0.361951 1
2.059971 1
0.282204 1
0.240562 1
0.274802 1
0.768400 1
0.273433 1
0.208242 1
0.234950 1
0.789272 679
0.000860 8
0.000294 74
4.107229 1
0.650333 1
0.195758 1
0.278637 1
2.178007 1
0.607838 1
0.408518 1
0.337640 1
0.152853 1
0.396831 1
0.296636 1
0.246037 1
0.307681 1
0.282643 1
0.335625 1
0.246895 1
0.230676 1
1.079015 11
0.001137 6
0.000026 1
0.000017 1
0.000018 8
0.000018 2
0.000021 3
0.000017 1
0.000017 1
0.000017 8
0.000017 1
0.000017 1
0.000017 1
0.000017 28
0.000018 2
0.000021 4
0.000017 1
0.000018 1
0.000024 8
0.000020 1
0.000018 1
0.000018 1
0.000017 13
0.000018 2
0.000020 6
0.000017 1
0.000017 1
0.000017 9
0.000017 2
0.000021 7
0.000017 1
0.000017 1
0.000017 9
0.000017 1
0.000017 1
0.000017 1
0.000017 35
0.000017 2
0.000020 9
0.000017 1
0.000086 9
0.000020 1
0.000017 1
0.000017 1
0.000017 24
0.000018 2
0.000023 9
0.000017 1
0.000017 9
0.000017 1
0.000017 1
0.000017 1
0.000017 24
0.000017 2
0.000021 8
0.000017 1
0.000017 9
0.000017 1
0.000016 1
0.000017 36
0.000018 2
0.000020 8
0.000017 1
0.000016 9
0.000018 2
0.000020 7
0.000017 1
0.000017 1
0.000017 9
0.000017 1
0.000017 1
0.000017 1
0.000017 29
0.000017 2
0.000021 7
0.000017 1
0.000017 1
0.000017 9
0.000017 1
0.000017 1
0.000017 1
0.000017 22
0.000017 2
0.000021 5
0.000016 1
0.000017 1
0.000017 9
0.000017 1
0.000017 1
0.000017 1
0.000017 24
0.000017 2
0.000111 3
0.000027 1
0.000030 1
0.000020 9
0.000017 1
0.000017 1
0.000017 1
0.000016 25
0.000018 2
0.000020 3
0.000017 1
0.000017 1
0.000017 9
0.000017 2
0.000020 6
0.000017 1
0.000017 1
0.000017 9
0.000017 1
0.000017 1
0.000017 1
0.000017 30
0.000017 2
0.000021 9
0.000017 1
0.000017 9
0.000016 1
0.000017 1
0.000017 1
0.000017 22
0.000018 2
0.000020 5
0.000017 1
0.000017 1
0.000017 9
0.000017 1
0.000017 1
0.000016 1
0.000018 26
0.000018 2
0.000020 4
0.000017 1
0.000017 1
0.000017 9
0.000017 1
0.000136 1
0.000020 1
0.000024 23
0.000024 2
0.000030 2
0.000049 16
0.000028 2
0.000792 8
0.000121 74
9.084724 1
0.207906 1
0.424604 1
0.199981 1
0.760429 4
0.180279 4
0.222408 1
0.309046 1
0.389719 1
5.118807 1
0.366415 1
0.231110 1
0.476973 1
0.211342 1
0.298228 1
0.450169 1
0.381475 1
0.146354 1
0.307875 1
0.459541 1
3.572443 1
0.444695 1
0.629737 1
0.314966 1
0.319314 1
0.335075 1
0.282039 1
0.236248 1
0.712957 11
0.002677 27
0.000120 1
0.000058 7
0.000054 1
0.000051 1
0.000050 1
0.000049 1
0.000050 39
0.000059 2
0.000080 28
0.000064 1
0.000118 7
0.000098 1
0.000054 1
0.000051 1
0.000050 1
0.000051 43
0.000059 2
0.000082 28
0.000063 1
0.000248 7
0.000064 1
0.000051 1
0.000148 1
0.000054 1
0.000090 42
0.000061 2
0.000624 8
0.000174 74
1.956650 1
0.358439 1
0.275174 1
0.188679 1
0.526082 17
