0.048473 8
0.000207 78
0.595273 1
0.112977 1
0.490712 1
0.406729 1
0.382671 87
0.841031 1
0.146287 1
0.475038 1
5.585873 1
0.277824 1
0.376931 1
0.301514 93
1.039381 1
0.294355 1
0.313336 1
0.476328 1
0.201081 1
0.313534 1
0.324795 1
0.125222 1
0.438440 105
8.961518 1
0.135474 1
0.359919 1
1.116520 1
0.180798 1
0.165610 1
0.697595 113
8.983704 1
0.199797 1
0.304639 1
0.609332 1
0.363547 1
0.731772 1
0.460147 1
0.310332 1
0.365192 1
0.206895 1
0.539208 1
0.186412 1
0.466798 4
0.656182 1
0.253122 1
0.096214 1
5.601939 1
0.182866 1
0.176425 1
0.172500 1
0.506265 13
0.465010 3
0.188690 3
0.153533 3
0.127236 3
0.438011 1
1.040240 1
0.363034 1
0.136632 1
0.119011 1
3.877747 1
1.031014 1
0.340454 1
0.241614 1
0.812366 11
0.035080 99
0.000168 2
0.000117 89
0.000082 2
0.033253 97
0.000137 2
0.000107 92
0.000079 2
0.000105 97
0.000109 2
0.000152 85
0.000078 2
0.000136 91
0.000080 2
0.000105 94
0.000076 2
0.000136 84
0.000079 2
0.000150 91
0.000110 2
0.000180 87
0.000309 2
0.000259 89
0.000150 2
0.000133 92
0.000106 2
0.000113 94
0.000082 2
0.000121 97
0.000078 2
0.000098 95
0.000077 2
0.000200 98
0.000092 2
0.000175 84
0.000077 2
0.000097 92
0.000077 2
0.000095 89
0.000079 2
0.000198 96
0.000120 2
0.000147 98
0.000117 2
0.000114 102
0.000091 2
0.000102 107
0.000090 2
0.000209 129
0.000085 2
0.000100 128
0.000266 2
0.000118 124
0.000108 2
0.000158 137
0.000151 2
0.000142 138
0.000095 2
0.000121 132
0.000124 2
0.000214 138
0.000119 2
0.000251 98
0.000115 2
0.000239 85
0.000082 2
0.000097 96
0.000114 2
0.000114 88
0.000121 2
0.000099 98
0.000079 2
0.000100 95
0.000085 2
0.000116 105
0.000089 2
0.000118 144
0.000087 2
0.000134 91
0.000083 2
0.000340 114
0.000258 2
0.000152 108
0.000147 2
0.000160 110
0.000117 2
0.000142 98
0.000106 2
0.000145 102
0.000086 2
0.000100 105
0.000134 2
0.000155 113
0.000088 2
0.000110 111
0.000082 2
0.000107 104
0.000078 2
0.000100 101
0.000078 2
0.000108 99
0.000218 2
0.000139 109
0.000082 2
0.000108 104
0.000077 2
0.000100 109
0.000078 2
0.000103 106
0.000078 2
0.000787 108
0.000121 2
0.000183 112
0.000100 2
0.000104 105
0.000081 2
0.000100 105
0.000077 2
0.000100 101
0.000076 2
0.000100 102
0.000079 2
0.000140 101
0.000079 2
0.000101 106
0.000077 2
0.000163 100
0.000078 2
0.000149 95
0.000079 2
0.000314 97
0.000083 2
0.000096 96
0.000079 2
0.000098 101
0.000077 2
0.000106 92
0.000076 2
0.000139 102
0.000111 2
0.000105 104
0.000076 2
0.000110 97
0.000081 2
0.000107 97
0.000188 2
0.000102 112
0.000078 2
0.000130 119
0.000084 2
0.000139 93
0.000080 2
0.000322 89
0.000144 2
0.000497 100
0.000091 2
0.000099 97
0.000078 2
0.000652 105
0.000083 2
0.000100 95
0.000077 2
0.000096 101
0.000078 2
0.000098 98
0.000077 2
0.000186 104
0.000087 2
0.000139 115
0.000080 2
0.000096 125
0.000080 2
0.000096 117
0.000193 2
0.000104 118
0.000113 2
0.000101 118
0.000081 2
0.000098 117
0.000078 2
0.000097 115
0.000078 2
0.000097 110
0.000080 2
0.000098 120
0.000080 2
0.000126 116
0.000079 2
0.000145 120
0.000081 2
0.000101 130
0.000081 2
0.000097 122
0.000080 2
0.000096 123
0.000081 2
0.000144 123
0.000080 2
0.000097 122
0.000082 2
0.000097 120
0.000079 2
0.000097 115
0.000078 2
0.000097 125
0.000081 2
0.000183 145
0.000088 2
0.000095 91
0.000075 2
0.000197 92
0.000077 2
0.000176 88
0.000078 2
0.000132 88
0.000078 2
0.000150 91
0.000079 2
0.000096 97
0.000076 2
0.000095 101
0.000077 2
0.000094 91
0.000075 2
0.000247 86
0.000078 2
0.000160 94
0.000080 2
0.000138 109
0.000079 2
0.000187 93
0.000077 2
0.000181 93
0.000081 2
0.000243 86
0.000077 2
0.000096 85
0.000075 2
0.000094 84
0.000077 2
0.000120 85
0.000077 2
0.000118 93
0.000075 2
0.000097 95
0.000076 2
0.000113 140
0.000083 2
0.000113 86
0.000203 2
0.000126 91
0.000076 2
0.000137 95
0.000079 2
0.000095 101
0.000076 2
0.000095 100
0.000076 2
0.000096 107
0.000077 2
0.000125 97
0.000077 2
0.000135 82
0.000078 2
0.000096 82
0.000073 2
0.000095 81
0.000073 2
0.000120 84
0.000077 2
0.000168 92
0.000078 2
0.000097 88
0.000074 2
0.000094 92
0.000076 2
0.000096 91
0.000075 2
0.000589 86
0.000078 2
0.000494 99
0.000192 2
0.000103 95
0.000080 2
0.000107 92
0.000075 2
0.000138 111
0.000082 2
0.000116 106
0.000081 2
0.000143 103
0.000080 2
0.000159 99
0.000099 2
0.000202 96
0.000109 2
0.000147 105
0.000079 2
0.000203 124
0.000123 2
0.000135 112
0.000102 2
0.000190 114
0.000084 2
0.000128 117
0.000218 2
0.000120 112
0.000082 2
0.000100 114
0.000079 2
0.000096 115
0.000079 2
0.000096 115
0.000078 2
0.000199 116
0.000099 2
0.000126 98
0.000095 2
0.000111 102
0.000094 2
0.000165 134
0.000101 2
0.000136 87
0.003640 2
0.000147 101
0.000019 2
0.000109 97
0.000019 2
0.000124 127
0.000018 2
0.000050 125
0.000018 2
0.000088 156
0.000018 2
0.000047 135
0.000017 2
0.000048 132
0.000017 2
0.000048 133
0.000017 2
0.000049 135
0.000017 2
0.000049 132
0.000017 2
0.000053 131
0.000017 2
0.000086 139
0.000018 2
0.000133 142
0.000019 2
0.000052 133
0.000017 2
0.000107 92
0.000018 2
0.000234 88
0.000018 2
0.000083 86
0.000018 2
0.000050 86
0.000017 2
0.000045 85
0.000017 2
0.000045 83
0.000017 2
0.000046 98
0.000017 2
0.000047 88
0.000017 2
0.000186 92
0.000044 2
0.000096 86
0.000018 2
0.000061 92
0.000018 2
0.000049 93
0.000017 2
0.000046 88
0.000017 2
0.000046 98
0.000782 2
0.000074 88
0.000018 2
0.000247 108
0.000021 2
0.000047 106
0.000018 2
0.000047 107
0.000017 2
0.000053 109
0.000017 2
0.000079 108
0.000019 2
0.000057 109
0.000018 2
0.000089 106
0.000018 2
0.000102 133
0.000018 2
0.000047 87
0.000017 2
0.000089 92
0.001051 2
0.000267 88
0.000253 2
0.000251 93
0.001197 2
0.000145 99
0.000018 2
0.000060 99
0.000017 2
0.000085 94
0.000018 2
0.000082 89
0.000020 2
0.000053 99
0.000017 2
0.000085 89
0.000019 2
0.000090 108
0.000017 2
0.000087 92
0.000018 2
0.000046 94
0.000018 2
0.000053 104
0.000017 2
0.000046 94
0.000017 2
0.000094 89
0.000018 2
0.000045 96
0.000018 2
0.000048 89
0.000018 2
0.000046 95
0.000017 2
0.000111 91
0.000020 2
0.000049 91
0.000018 2
0.000047 89
0.001282 2
0.000109 101
0.000017 2
0.000051 91
0.000017 2
0.000196 85
0.000018 2
0.000175 144
0.000021 2
0.000049 98
0.000018 2
0.000062 110
0.000019 2
0.000099 86
0.000018 2
0.000085 85
0.000135 2
0.000065 91
0.000018 2
0.000057 90
0.000018 2
0.000046 91
0.000017 2
0.000046 83
0.000017 2
0.000072 88
0.000023 2
0.000069 86
0.000017 2
0.000089 99
0.000017 2
0.000047 106
0.000017 2
0.000047 104
0.000017 2
0.000522 90
0.000490 2
0.000066 89
0.000017 2
0.000048 94
0.000017 2
0.000047 100
0.000017 2
0.000048 97
0.000017 2
0.000047 99
0.000017 2
0.000047 95
0.000018 2
0.000047 95
0.000017 2
0.000060 96
0.000017 2
0.000121 92
0.000020 2
0.000385 103
0.000026 2
0.000069 102
0.000116 2
0.000063 105
0.000017 2
0.000051 102
0.000184 2
0.000066 102
0.000018 2
0.000051 102
0.000017 2
0.000050 105
0.000018 2
0.000051 105
0.000144 2
0.000255 102
0.000086 2
0.000065 105
0.000078 2
0.004167 102
0.000091 2
0.000105 102
0.000083 2
0.000103 102
0.000078 2
0.000101 105
0.000083 2
0.000131 102
0.000078 2
0.000103 105
0.000083 2
0.000103 102
0.000083 2
0.000102 102
0.000079 2
0.000103 102
0.000082 2
0.000140 102
0.000092 2
0.000105 102
0.000077 2
0.000101 102
0.000084 2
0.000107 102
0.000077 2
0.000102 102
0.000083 2
0.000103 102
0.000171 2
0.000110 102
0.000077 2
0.000104 102
0.000086 2
0.000105 102
0.000092 2
0.000110 102
0.000077 2
0.000183 102
0.000089 2
0.000106 105
0.000076 2
0.000104 105
0.000083 2
0.000105 105
0.000085 2
0.000106 105
0.000076 2
0.000142 105
0.000084 2
0.000110 105
0.000082 2
0.000106 105
0.000077 2
0.000105 105
0.000082 2
0.000106 105
0.000076 2
0.000150 102
0.000085 2
0.000107 102
0.000085 2
0.000255 105
0.000111 2
0.000148 102
0.000254 2
0.000192 102
0.000150 2
0.000206 102
0.000486 2
0.000187 105
0.000112 2
0.000140 105
0.000092 2
0.000249 101
0.000129 2
0.000111 96
0.000106 2
0.000387 107
0.000083 2
0.000142 112
0.000094 2
0.000109 102
0.000083 2
0.000138 101
0.000079 2
0.000105 96
0.000084 2
0.000143 87
0.000110 2
0.000166 83
0.000086 2
0.000123 89
0.000097 2
0.001069 94
0.000101 2
0.000113 93
0.000098 2
0.000189 96
0.000095 2
0.000271 91
0.000099 2
0.000115 95
0.000092 2
0.000111 90
0.000128 2
0.000132 86
0.000096 2
0.000444 82
0.000089 2
0.000112 82
0.000149 2
0.000133 81
0.000086 2
0.000123 84
0.000094 2
0.000168 93
0.000095 2
0.000405 108
0.000104 2
0.000128 98
0.000202 2
0.000178 152
0.000111 2
0.000162 100
0.000102 2
0.000159 100
0.000100 2
0.000113 96
0.000097 2
0.000117 93
0.000090 2
0.000197 98
0.000102 2
0.000113 97
0.000089 2
0.000125 100
0.000100 2
0.000166 106
0.000100 2
0.000183 108
0.000081 2
0.000097 113
0.000087 2
0.000097 107
0.000083 2
0.000100 110
0.000078 2
0.000095 107
0.000086 2
0.000162 105
0.000090 2
0.000102 104
0.000078 2
0.000096 101
0.000184 2
0.000105 124
0.000087 2
0.000240 87
0.000086 2
0.000096 89
0.000077 2
0.000095 94
0.000082 2
0.000096 87
0.000074 2
0.000097 93
0.000088 2
0.000141 89
0.000082 2
0.000142 84
0.000082 2
0.000107 89
0.000075 2
0.000138 96
0.000086 2
0.000096 93
0.000108 2
0.000250 89
0.000078 2
0.000120 91
0.000084 2
0.000177 86
0.000119 2
0.000252 89
0.000135 2
0.000127 85
0.000077 2
0.000096 83
0.000081 2
0.000210 98
0.000086 2
0.000257 95
0.000096 2
0.000363 97
0.000105 2
0.000183 92
0.000093 2
0.000187 84
0.000130 2
0.000154 99
0.000160 2
0.000138 86
0.000092 2
0.000121 86
0.000099 2
0.000158 140
0.003869 2
0.000105 94
0.000019 2
0.000049 96
0.000017 2
0.000241 95
0.000021 2
0.000053 97
0.000018 2
0.000185 82
0.000018 2
0.000048 82
0.000018 2
0.000046 84
0.000017 2
0.000048 79
0.000017 2
0.000047 94
0.000018 2
0.000046 84
0.000017 2
0.000313 99
0.000020 2
0.000048 96
0.000017 2
0.000051 109
0.000017 2
0.000048 113
0.000017 2
0.000050 112
0.000017 2
0.000132 85
0.000018 2
0.000046 84
0.000018 2
0.000046 84
0.000017 2
0.003139 82
0.000029 2
0.000352 133
0.000023 2
0.000061 87
0.000018 2
0.000109 144
0.000018 2
0.000053 91
0.000018 2
0.000088 111
0.000017 2
0.000048 101
0.000017 2
0.000081 108
0.000018 2
0.000046 98
0.000018 2
0.000141 102
0.000317 2
0.000074 92
0.000019 2
0.000090 110
0.000017 2
0.000048 100
0.000017 2
0.000089 155
0.000160 2
0.000105 101
0.000020 2
0.000096 155
0.000115 2
0.000064 101
0.000091 2
0.000099 97
0.000078 2
0.000061 110
0.000084 2
0.000061 100
0.000076 2
0.000142 149
0.000106 2
0.000097 99
0.000083 2
0.000102 153
0.000093 2
0.000060 103
0.000082 2
0.000103 148
0.000092 2
0.000146 98
0.000080 2
0.000246 148
0.000109 2
0.000365 98
0.000349 2
0.000158 105
0.000018 2
0.000048 95
0.000017 2
0.000090 151
0.000018 2
0.000186 98
0.000021 2
0.000094 165
0.000166 2
0.000074 114
0.000018 2
0.000158 102
0.000112 2
0.000060 92
0.000082 2
0.000098 107
0.000080 2
0.000097 97
0.000085 2
0.000153 159
0.000098 2
0.000097 99
0.000083 2
0.000100 90
0.000077 2
0.000095 86
0.000081 2
0.000063 132
0.000082 2
0.000141 86
0.000089 2
0.000144 89
0.000084 2
0.000227 96
0.000087 2
0.000099 89
0.000088 2
0.000124 91
0.000080 2
0.000097 86
0.000081 2
0.000076 91
0.000079 2
0.000181 96
0.000085 2
0.000100 143
0.000091 2
0.000129 92
0.000085 2
0.000102 103
0.000078 2
0.000097 105
0.000084 2
0.000064 105
0.000083 2
0.000100 109
0.000080 2
0.000095 99
0.000118 2
0.000102 96
0.000085 2
0.000059 95
0.000079 2
0.000060 92
0.000082 2
0.000097 108
0.000081 2
0.000059 98
0.000083 2
0.000102 97
0.000122 2
0.000063 94
0.000017 2
0.000119 99
0.000020 2
0.000048 109
0.000107 2
0.000240 99
0.000079 2
0.000097 106
0.000127 2
0.000065 103
0.000086 2
0.000060 105
0.000018 2
0.000161 96
0.000084 2
0.000060 95
0.000083 2
0.000059 92
0.000076 2
0.000097 103
0.000086 2
0.000096 108
0.000080 2
0.000059 98
0.000086 2
0.000099 106
0.000085 2
0.000061 112
0.000079 2
0.000064 102
0.000083 2
0.000331 101
0.000092 2
0.000098 100
0.000077 2
0.000098 110
0.000086 2
0.000098 100
0.000084 2
0.000139 103
0.000115 2
0.000109 93
0.000087 2
0.000101 103
0.000086 2
0.000097 93
0.000151 2
0.000106 96
0.000103 2
0.000060 95
0.000019 2
0.000111 92
0.000110 2
0.000105 108
0.000085 2
0.000061 98
0.000083 2
0.000098 96
0.000079 2
0.000060 95
0.000083 2
0.000059 92
0.000115 2
0.000100 102
0.000087 2
0.000060 108
0.000100 2
0.000061 98
0.000017 2
0.000088 101
0.000103 2
0.000060 98
0.000083 2
0.000059 92
0.000077 2
0.000096 95
0.000085 2
0.000064 99
0.000018 2
0.000048 102
0.000104 2
0.000061 92
0.000018 2
0.000165 107
0.000079 2
0.000059 100
0.000083 2
0.000103 97
0.000148 2
0.000135 96
0.000081 2
0.000098 93
0.000087 2
0.000138 103
0.000085 2
0.000096 93
0.000093 2
0.000248 92
0.000108 2
0.000164 95
0.000117 2
0.000108 94
0.000084 2
0.000062 107
0.000085 2
0.000154 97
0.000110 2
0.000189 104
0.000113 2
0.000143 94
0.000132 2
0.000294 100
0.000266 2
0.000356 97
0.000129 2
0.000155 96
0.000097 2
0.000116 95
0.000121 2
0.000128 92
0.000204 2
0.000149 101
0.000219 2
0.000108 91
0.000027 2
0.000104 108
0.000113 2
0.000061 98
0.000083 2
0.000100 103
0.000080 2
0.000060 109
0.000079 2
0.000060 99
0.000163 2
0.000137 99
0.000105 2
0.000082 104
0.000105 2
0.000159 105
0.000106 2
0.000172 104
0.000108 2
0.000131 111
0.000109 2
0.000082 117
0.000108 2
0.000079 107
0.000105 2
0.000133 104
0.000155 2
0.000064 103
0.000080 2
0.000059 110
0.000079 2
0.000060 116
0.000018 2
0.000046 106
0.000158 2
0.000104 96
0.000018 2
0.000332 95
0.000082 2
0.000098 102
0.000077 2
0.000102 108
0.000078 2
0.000100 98
0.000078 2
0.000142 96
0.000079 2
0.000129 95
0.000076 2
0.000061 102
0.000077 2
0.000060 108
0.000078 2
0.000059 98
0.000077 2
0.000101 96
0.000079 2
0.000059 95
0.000075 2
0.000083 102
0.000085 2
0.000061 108
0.000087 2
0.000060 98
0.000076 2
0.000106 96
0.000078 2
0.000096 95
0.000076 2
0.000060 102
0.000077 2
0.000060 108
0.000126 2
0.000062 98
0.000017 2
0.000088 96
0.000102 2
0.000060 95
0.000017 2
0.000060 102
0.000146 2
0.000064 108
0.000017 2
0.000047 98
0.000018 2
0.000089 96
0.000186 2
0.000063 95
0.000017 2
0.000052 102
0.000018 2
0.000047 108
0.000122 2
0.000060 98
0.000017 2
0.000088 96
0.000096 2
0.000061 95
0.000075 2
0.000059 102
0.000078 2
0.000115 108
0.000084 2
0.000061 98
0.000076 2
0.000101 106
0.000079 2
0.000096 105
0.000078 2
0.000059 118
0.000079 2
0.000061 108
0.000077 2
0.000146 96
0.000082 2
0.000096 95
0.000076 2
0.000095 108
0.000078 2
0.000061 98
0.000076 2
0.000100 96
0.000077 2
0.000096 95
0.000109 2
0.000062 92
0.000018 2
0.000158 104
0.000081 2
0.000060 94
0.000117 2
0.000102 104
0.000080 2
0.000058 94
0.000076 2
0.000177 101
0.000102 2
0.000066 97
0.000094 2
0.000062 106
0.000094 2
0.000062 96
0.000017 2
0.000089 100
0.000108 2
0.000059 97
0.000088 2
0.000093 98
0.000094 2
0.000062 97
0.000414 2
0.000134 107
0.000024 2
0.000058 97
0.000018 2
0.000215 96
0.000160 2
0.000122 95
0.000095 2
0.000082 92
0.000096 2
0.000105 102
0.000092 2
0.000062 108
0.001118 2
0.000071 98
0.000018 2
0.000099 103
0.000018 2
0.000046 93
0.000017 2
0.000085 106
0.000017 2
0.000047 96
0.000018 2
0.000082 109
0.000017 2
0.000047 99
0.000017 2
0.000082 109
0.000018 2
0.000050 99
0.000018 2
0.000082 109
0.000018 2
0.000103 99
0.000017 2
0.000086 109
0.000018 2
0.000046 99
0.000017 2
0.000081 103
0.000017 2
0.000046 93
0.000017 2
0.000093 123
0.000018 2
0.000049 107
0.000018 2
0.000046 106
0.000017 2
0.000046 103
0.000017 2
0.000047 112
0.000017 2
0.000050 102
0.000017 2
0.000091 136
0.000315 2
0.000068 139
0.000017 2
0.000050 137
0.000017 2
0.000049 137
0.000018 2
0.000047 124
0.000017 2
0.000099 188
0.001948 2
0.000099 130
0.000019 2
0.000053 131
0.000017 2
0.000187 119
0.000024 2
0.000068 103
0.000018 2
0.000048 102
0.000017 2
0.000048 99
0.000018 2
0.000060 108
0.000019 2
0.000049 98
0.000017 2
0.000095 120
0.000018 2
0.000048 122
0.000017 2
0.000047 125
0.000017 2
0.000048 124
0.000017 2
0.000048 127
0.000017 2
0.000098 160
0.000018 2
0.000101 166
0.000019 2
0.000050 119
0.000017 2
0.000049 120
0.000017 2
0.000051 168
0.000017 2
0.000051 174
0.000017 2
0.000092 96
0.000018 2
0.000045 95
0.000017 2
0.000047 94
0.000017 2
0.000045 91
0.000017 2
0.000083 105
0.000017 2
0.000047 115
0.000017 2
0.000051 105
0.000017 2
0.000118 104
0.000020 2
0.000057 100
0.000017 2
0.000048 110
0.000017 2
0.000046 100
0.000017 2
0.000084 98
0.000017 2
0.000046 108
0.000017 2
0.000046 98
0.000017 2
0.000082 110
0.000017 2
0.000050 100
0.000017 2
0.000082 99
0.000017 2
0.000047 109
0.000017 2
0.000051 99
0.000017 2
0.000081 112
0.000630 2
0.000065 102
0.000017 2
0.000091 103
0.000018 2
0.000057 99
0.000018 2
0.000049 109
0.000017 2
0.000095 99
0.000019 2
0.000093 97
0.000018 2
0.000047 107
0.000017 2
0.000046 97
0.000016 2
0.000082 102
0.000017 2
0.000048 109
0.000017 2
0.000051 99
0.000017 2
0.000082 120
0.000465 2
0.000067 110
0.000018 2
0.000091 95
0.000018 2
0.000047 108
0.000017 2
0.000045 98
0.000017 2
0.000083 97
0.000017 2
0.000046 107
0.000018 2
0.000047 97
0.001102 2
0.000399 105
0.001532 2
0.000099 95
0.000018 2
0.000156 96
0.000021 2
0.000068 95
0.000017 2
0.000048 92
0.000017 2
0.000087 96
0.000018 2
0.000048 95
0.000017 2
0.000076 92
0.000036 2
0.000139 108
0.000018 2
0.000050 98
0.000017 2
0.000087 111
0.000018 2
0.000047 101
0.000018 2
0.000434 95
0.000026 2
0.000064 94
0.000017 2
0.000060 155
0.001149 2
0.000089 97
0.000018 2
0.000108 107
0.000019 2
0.000048 104
0.000044 2
0.000069 113
0.000017 2
0.000048 103
0.000018 2
0.000096 157
0.000017 2
0.000051 99
0.000017 2
0.000097 113
0.000019 2
0.000049 103
0.000018 2
0.000088 159
0.000018 2
0.000048 100
0.000018 2
0.000081 114
0.000018 2
0.000050 104
0.000017 2
0.000086 161
0.000051 2
0.000069 101
0.000018 2
0.000086 115
0.000018 2
0.000046 105
0.000018 2
0.000088 153
0.000018 2
0.000047 97
0.000018 2
0.001259 111
0.000023 2
0.000053 101
0.000018 2
0.000097 153
0.000018 2
0.000097 97
0.000019 2
0.000087 111
0.000018 2
0.000054 101
0.000018 2
0.000089 157
0.000018 2
0.000048 99
0.000017 2
0.000188 113
0.000020 2
0.000057 103
0.000018 2
0.000093 157
0.000018 2
0.000048 99
0.000017 2
0.000115 113
0.000020 2
0.000055 103
0.000367 2
0.000109 161
0.000018 2
0.000048 101
0.000018 2
0.000082 115
0.000017 2
0.000050 105
0.000018 2
0.000086 165
0.000019 2
0.000084 103
0.000199 2
0.000101 117
0.000018 2
0.000048 107
0.000018 2
0.000097 157
0.000131 2
0.000061 99
0.000017 2
0.000087 113
0.000100 2
0.000099 103
0.000080 2
0.000104 153
0.000088 2
0.000096 97
0.000076 2
0.000098 111
0.000081 2
0.000099 101
0.000080 2
0.000184 157
0.000095 2
0.000105 99
0.000078 2
0.000136 113
0.000137 2
0.000064 103
0.000104 2
0.000104 155
0.000115 2
0.000064 98
0.000078 2
0.000099 112
0.000080 2
0.000096 102
0.000077 2
0.000102 101
0.000078 2
0.000096 99
0.000076 2
0.000059 103
0.000148 2
0.000069 95
0.000018 2
0.000048 99
0.000018 2
0.000052 104
0.000116 2
0.000062 94
0.000017 2
0.000088 108
0.000098 2
0.000059 98
0.000077 2
0.000106 97
0.000113 2
0.000149 96
0.000079 2
0.000097 102
0.000079 2
0.000099 99
0.000076 2
0.000139 80
0.000076 2
0.000095 89
0.000107 2
0.000099 95
0.000076 2
0.000058 85
0.000076 2
0.000363 94
0.000077 2
0.000159 95
0.000081 2
0.000132 98
0.000078 2
0.000096 95
0.000078 2
0.000283 95
0.000079 2
0.000199 83
0.000080 2
0.000097 85
0.000075 2
0.000201 87
0.000082 2
0.000196 93
0.000078 2
0.000165 97
0.000079 2
0.000110 93
0.000077 2
0.000316 94
0.000109 2
0.000145 94
0.000207 2
0.000454 99
0.000445 2
0.000156 89
0.000082 2
0.000155 96
0.000080 2
0.000352 151
0.000133 2
0.000104 101
0.000082 2
0.000144 99
0.000080 2
0.000286 147
0.000087 2
0.000101 97
0.000112 2
0.031701 106
0.000154 2
0.000110 108
0.000079 2
0.000153 108
0.000081 2
0.000191 96
0.000081 2
0.000171 93
0.000078 2
0.000095 93
0.000076 2
0.000099 92
0.000136 2
0.000223 98
0.000081 2
0.000163 100
0.000083 2
0.000118 100
0.000078 2
0.000282 105
0.000090 2
0.000245 91
0.000082 2
0.000163 87
0.000080 2
0.000658 97
0.000099 2
0.000111 92
0.000076 2
0.000135 98
0.000146 2
0.000115 93
0.000077 2
0.000153 85
0.000077 2
0.000135 96
0.000077 2
0.000095 95
0.000076 2
0.000153 91
0.000078 2
0.000138 105
0.000083 2
0.000097 104
0.000133 2
0.000158 96
0.000078 2
0.000294 96
0.000082 2
0.000160 94
0.000080 2
0.000111 89
0.000076 2
0.000135 101
0.000078 2
0.000199 87
0.000078 2
0.000134 91
0.000076 2
0.000105 86
0.000076 2
0.000142 84
0.000077 2
0.000096 91
0.000103 2
0.000120 83
0.000074 2
0.000106 84
0.000077 2
0.000106 86
0.000074 2
0.000140 93
0.000078 2
0.000094 96
0.000116 2
0.000107 90
0.000076 2
0.000100 94
0.000075 2
0.000096 91
0.000134 2
0.000116 92
0.000077 2
0.000096 87
0.000173 2
0.000167 101
0.000079 2
0.000096 91
0.000075 2
0.000135 91
0.000080 2
0.000111 91
0.000077 2
0.000129 90
0.000078 2
0.000099 90
0.000075 2
0.000095 88
0.000074 2
0.000163 101
0.000080 2
0.000137 106
0.000079 2
0.000139 103
0.000078 2
0.000149 105
0.000079 2
0.000101 105
0.000077 2
0.000097 104
0.000077 2
0.000155 86
0.000119 2
0.000119 93
0.000076 2
0.000094 84
0.000077 2
0.000139 99
0.000079 2
0.000097 89
0.000075 2
0.000210 90
0.000086 2
0.000098 96
0.000077 2
0.000098 93
0.000078 2
0.000651 101
0.000126 2
0.000212 102
0.000104 2
0.000293 84
0.000354 2
0.000191 86
0.000081 2
0.000123 135
0.000085 2
0.000098 86
0.000075 2
0.000182 144
0.000087 2
0.000097 95
0.000078 2
0.000136 103
0.000081 2
0.000157 93
0.000078 2
0.000273 140
0.000116 2
0.000116 94
0.000092 2
0.000158 101
0.000096 2
0.000113 91
0.000089 2
0.000219 101
0.000094 2
0.000118 91
0.000089 2
0.000172 86
0.000091 2
0.000112 81
0.000087 2
0.000157 86
0.000089 2
0.000173 89
0.000091 2
0.000338 92
0.000094 2
0.000183 94
0.000085 2
0.000102 83
0.000075 2
0.000406 103
0.000081 2
0.000106 88
0.000270 2
0.000180 98
0.000092 2
0.000113 96
0.000090 2
0.000351 98
0.000081 2
0.000098 97
0.000076 2
0.000101 110
0.000079 2
0.000096 100
0.000077 2
0.000147 90
0.000079 2
0.000282 84
0.000077 2
0.000099 83
0.000074 2
0.000106 86
0.000074 2
0.000133 104
0.000081 2
0.000119 101
0.000113 2
0.000158 101
0.000092 2
0.000114 106
0.000094 2
0.000112 96
0.000090 2
0.000156 98
0.000134 2
0.000188 88
0.000080 2
0.000138 93
0.000078 2
0.000098 100
0.000080 2
0.000097 106
0.000077 2
0.000138 96
0.000080 2
0.000228 98
0.000079 2
0.000287 91
0.000079 2
0.000180 141
0.000088 2
0.000105 151
0.000086 2
0.000097 93
0.000075 2
0.000140 107
0.000079 2
0.000095 106
0.000077 2
0.000119 106
0.000079 2
0.000098 104
0.000077 2
0.000097 112
0.000082 2
0.000096 102
0.000078 2
0.000135 104
0.000078 2
0.000199 147
0.000092 2
0.000114 157
0.000088 2
0.000099 99
0.000191 2
0.000151 111
0.000081 2
0.000143 111
0.000084 2
0.000104 90
0.000077 2
0.000098 115
0.000082 2
0.000103 111
0.000083 2
0.000135 135
0.000337 2
0.000159 86
0.000084 2
0.000181 100
0.000080 2
0.000099 104
0.000078 2
0.000187 102
0.000092 2
0.000108 106
0.000080 2
0.000099 95
0.000077 2
0.000098 101
0.000077 2
0.000098 92
0.000076 2
0.000122 100
0.000079 2
0.000104 109
0.000078 2
0.000098 100
0.000079 2
0.000237 103
0.000080 2
0.000099 101
0.000099 2
0.000108 105
0.000077 2
0.000098 105
0.000077 2
0.000103 102
0.000079 2
0.000115 107
0.000081 2
0.000099 100
0.000076 2
0.000125 100
0.000110 2
0.000103 96
0.000076 2
0.000104 102
0.000077 2
0.000100 100
0.000079 2
0.000101 100
0.000076 2
0.000126 104
0.000078 2
0.000101 110
0.000078 2
0.000100 112
0.000078 2
0.000101 113
0.000079 2
0.000105 108
0.000079 2
0.000103 114
0.000114 2
0.000108 118
0.000079 2
0.000103 106
0.000077 2
0.000184 100
0.000097 2
0.000118 92
0.000093 2
0.000141 101
0.000094 2
0.000118 115
0.000096 2
0.003649 112
0.000023 2
0.000059 106
0.000018 2
0.000057 106
0.000017 2
0.000056 110
0.000018 2
0.000128 86
0.000018 2
0.000088 113
0.000018 2
0.000055 113
0.000017 2
0.000058 101
0.000018 2
0.000094 92
0.000018 2
0.000092 97
0.000020 2
0.000093 106
0.000017 2
0.000061 101
0.000017 2
0.000106 102
0.000018 2
0.000085 114
0.000018 2
0.000048 116
0.000017 2
0.000047 113
0.000017 2
0.000047 109
0.000017 2
0.000088 91
0.000017 2
0.000047 97
0.000017 2
0.000060 93
0.000018 2
0.000098 93
0.000020 2
0.000094 92
0.000018 2
0.000046 92
0.000017 2
0.000048 94
0.000017 2
0.000046 92
0.000017 2
0.000047 104
0.000017 2
0.000047 94
0.000017 2
0.000295 94
0.000018 2
0.000047 100
0.000017 2
0.000045 90
0.000017 2
0.000171 98
0.000058 2
0.000073 126
0.000017 2
0.000050 94
0.001089 2
0.000159 136
0.000399 2
0.000111 90
0.000033 2
0.000248 102
0.001306 2
0.000097 103
0.000019 2
0.000051 103
0.000018 2
0.000107 102
0.000019 2
0.000049 102
0.000018 2
0.000047 102
0.000017 2
0.000048 102
0.000018 2
0.000059 102
0.000017 2
0.000049 102
0.000017 2
0.000048 102
0.000018 2
0.000049 102
0.000017 2
0.000048 100
0.000018 2
0.000054 119
0.000017 2
0.000142 119
0.000027 2
0.000066 119
0.000055 2
0.000066 119
0.000018 2
0.000052 119
0.000018 2
0.000054 119
0.000017 2
0.000057 119
0.000018 2
0.000055 119
0.000017 2
0.000055 119
0.000017 2
0.000053 117
0.000017 2
0.000068 116
0.000019 2
0.000054 116
0.000017 2
0.000054 116
0.000018 2
0.000052 116
0.000018 2
0.000052 116
0.000017 2
0.000085 116
0.000023 2
0.000064 116
0.000018 2
0.000056 116
0.000682 2
0.000069 116
0.000018 2
0.000098 114
0.000019 2
0.000056 115
0.000018 2
0.000054 116
0.000017 2
0.000054 116
0.000017 2
0.000053 115
0.000017 2
0.000054 115
0.000017 2
0.000055 115
0.000017 2
0.000054 115
0.000018 2
0.000054 115
0.000017 2
0.000058 115
0.000017 2
0.000056 115
0.000017 2
0.000055 115
0.000018 2
0.000058 113
0.000054 2
0.000131 99
0.000379 2
0.000062 104
0.000017 2
0.000047 94
0.000018 2
0.000089 104
0.000018 2
0.000047 109
0.000018 2
0.000198 99
0.000159 2
0.000101 97
0.000018 2
0.000061 92
0.000096 2
0.000108 97
0.000078 2
0.000157 97
0.000078 2
0.000186 94
0.000081 2
0.000097 86
0.000075 2
0.000100 101
0.000077 2
0.000096 91
0.000075 2
0.000138 91
0.000077 2
0.000265 93
0.000091 2
0.000100 88
0.000075 2
0.000110 93
0.000079 2
0.000134 88
0.000077 2
0.000126 94
0.000078 2
0.000096 84
0.000078 2
0.000138 88
0.000077 2
0.000101 88
0.000075 2
0.000095 87
0.000077 2
0.000060 94
0.000132 2
0.000073 90
0.000017 2
0.000092 81
0.000114 2
0.000063 96
0.000077 2
0.000059 86
0.000074 2
0.000417 83
0.000079 2
0.000099 90
0.000080 2
0.000096 89
0.000075 2
0.000338 91
0.000077 2
0.000193 85
0.000099 2
0.000145 100
0.000081 2
0.000142 108
0.000080 2
0.000097 108
0.000080 2
0.000134 108
0.000080 2
0.000099 108
0.000078 2
0.000096 108
0.000078 2
0.000098 106
0.000078 2
0.000096 109
0.000078 2
0.000177 92
0.000081 2
0.000601 92
0.000083 2
0.000167 104
0.000113 2
0.000182 139
0.000087 2
0.000097 90
0.000075 2
0.000806 98
0.000083 2
0.000097 95
0.000077 2
0.000136 85
0.000076 2
0.000096 84
0.000384 2
0.000162 90
0.000122 2
0.000396 96
0.000112 2
0.000106 86
0.000076 2
0.000166 92
0.000223 2
0.000102 92
0.000078 2
0.000133 92
0.000082 2
0.000102 94
0.000077 2
0.000116 89
0.000081 2
0.000099 104
0.000077 2
0.000098 94
0.000075 2
0.000163 86
0.000078 2
0.000096 86
0.000074 2
0.000095 85
0.000075 2
0.000110 88
0.000078 2
0.000137 93
0.000078 2
0.000094 91
0.000107 2
0.000099 100
0.000077 2
0.000099 90
0.000075 2
0.000143 94
0.000078 2
0.000142 101
0.000079 2
0.000192 89
0.000136 2
0.000172 99
0.000082 2
0.000097 89
0.000075 2
0.000247 91
0.000103 2
0.000108 89
0.000076 2
0.000204 99
0.000079 2
0.000097 89
0.000075 2
0.000187 104
0.000080 2
0.000145 94
0.000079 2
0.000296 92
0.000078 2
0.000101 104
0.000078 2
0.000095 94
0.000076 2
0.000164 103
0.000080 2
0.000095 93
0.000076 2
0.000134 104
0.000081 2
0.000096 94
0.000077 2
0.000133 97
0.000078 2
0.000133 92
0.000078 2
0.000136 104
0.000081 2
0.000259 97
0.000081 2
0.000145 106
0.000080 2
0.000127 102
0.000078 2
0.000098 106
0.000077 2
0.000097 105
0.000080 2
0.000096 103
0.000077 2
0.000094 98
0.000076 2
0.000139 101
0.000084 2
0.000110 100
0.000077 2
0.000143 114
0.000095 2
0.000101 116
0.000081 2
0.000097 115
0.000079 2
0.000136 102
0.000079 2
0.000099 105
0.000078 2
0.000097 103
0.000077 2
0.000099 104
0.000078 2
0.000098 100
0.000077 2
0.000102 103
0.000129 2
0.000262 98
0.000080 2
0.000219 93
0.000083 2
0.000146 89
0.000079 2
0.000225 93
0.000079 2
0.000134 91
0.000076 2
0.000099 104
0.000077 2
0.000101 94
0.000076 2
0.000216 100
0.000119 2
0.000205 93
0.000106 2
0.000192 96
0.000083 2
0.000222 95
0.000079 2
0.000200 90
0.000078 2
0.000142 97
0.000081 2
0.000141 91
0.000078 2
0.000663 99
0.000163 2
0.000163 111
0.000512 2
0.000242 101
0.000112 2
0.000169 110
0.000138 2
0.000107 111
0.000080 2
0.000176 98
0.000078 2
0.000135 100
0.000079 2
0.000096 99
0.000077 2
0.000151 102
0.000122 2
0.000221 98
0.000090 2
0.000171 96
0.000084 2
0.000220 96
0.000084 2
0.000154 94
0.000079 2
0.000424 108
0.000087 2
0.000301 105
0.000099 2
0.000141 96
0.000080 2
0.000098 102
0.003475 2
0.000111 92
0.000020 2
0.000119 100
0.000020 2
0.000051 90
0.000017 2
0.000153 101
0.000018 2
0.000090 97
0.000018 2
0.000093 99
0.000017 2
0.000145 103
0.000527 2
0.000118 99
0.000018 2
0.000098 99
0.000018 2
0.000092 100
0.000060 2
0.000105 94
0.001086 2
0.001256 92
0.000239 2
0.000186 112
0.000141 2
0.000111 107
0.000080 2
0.000136 111
0.000081 2
0.000107 106
0.000082 2
0.000161 103
0.000117 2
0.000146 108
0.000080 2
0.000109 103
0.000078 2
0.000134 108
0.000079 2
0.000105 103
0.000078 2
0.000254 92
0.000081 2
0.000133 100
0.000079 2
0.000095 90
0.000075 2
0.000187 99
0.000080 2
0.000097 89
0.000186 2
0.000231 102
0.000138 2
0.000129 92
0.000108 2
0.000676 90
0.000160 2
0.000231 145
0.000175 2
0.000290 99
0.000168 2
0.000185 92
0.000083 2
0.000099 89
0.000078 2
0.000154 91
0.000078 2
0.000097 101
0.000080 2
0.000096 91
0.000076 2
0.000141 98
0.000079 2
0.000097 94
0.000076 2
0.000137 104
0.000079 2
0.000097 94
0.000076 2
0.000138 102
0.000189 2
0.000115 92
0.000079 2
0.000170 99
0.000108 2
0.000098 89
0.000077 2
0.000135 97
0.000078 2
0.000104 137
0.000083 2
0.000097 93
0.000075 2
0.000190 92
0.000087 2
0.000105 102
0.000081 2
0.000096 92
0.000076 2
0.000142 88
0.000079 2
0.000096 87
0.000108 2
0.000106 87
0.000075 2
0.000226 85
0.000081 2
0.000099 100
0.000078 2
0.000095 90
0.000125 2
0.000180 95
0.000081 2
0.000143 99
0.000079 2
0.000240 101
0.000084 2
0.000099 91
0.000076 2
0.000177 96
0.000082 2
0.000105 96
0.000080 2
0.000145 94
0.000077 2
0.000181 101
0.000080 2
0.000140 91
0.000081 2
0.000135 107
0.000081 2
0.000100 97
0.000076 2
0.000133 105
0.000082 2
0.000100 95
0.000077 2
0.000178 104
0.000083 2
0.000197 97
0.000115 2
0.000164 100
0.000112 2
0.000283 97
0.000087 2
0.000140 105
0.000080 2
0.000096 95
0.000181 2
0.000151 140
0.000086 2
0.000187 150
0.000116 2
0.000129 92
0.000099 2
0.000196 92
0.000094 2
0.000177 94
0.000133 2
0.000195 89
0.000081 2
0.000099 87
0.000107 2
0.000128 102
0.000081 2
0.000107 92
0.000079 2
0.000224 93
0.000082 2
0.000121 99
0.000079 2
0.000099 91
0.000076 2
0.000098 101
0.000079 2
0.000098 91
0.000127 2
0.000102 96
0.000079 2
0.000206 97
0.000196 2
0.001191 92
0.000235 2
0.000183 109
0.000087 2
0.000100 99
0.000079 2
0.000140 90
0.000077 2
0.000097 89
0.000113 2
0.000109 102
0.000079 2
0.000104 92
0.000079 2
0.000139 101
0.000079 2
0.000097 91
0.000076 2
0.000135 106
0.000166 2
0.000158 100
0.000095 2
0.000104 90
0.000253 2
0.000168 94
0.000121 2
0.000104 91
0.000076 2
0.000098 93
0.000076 2
0.000216 98
0.000084 2
0.000294 97
0.000089 2
0.000125 96
0.000087 2
0.000099 109
0.000079 2
0.000118 99
0.000090 2
0.000159 104
0.000149 2
0.000116 94
0.000078 2
0.000137 99
0.000112 2
0.000115 89
0.000077 2
0.000140 89
0.000077 2
0.000132 88
0.000095 2
0.000226 102
0.000113 2
0.000268 92
0.000092 2
0.000188 107
0.000085 2
0.000109 97
0.000077 2
0.000183 102
0.000119 2
0.000106 99
0.000077 2
0.000620 103
0.000092 2
0.000103 113
0.000080 2
0.000095 103
0.000078 2
0.000607 86
0.000100 2
0.000144 86
0.000082 2
0.000136 85
0.000081 2
0.000100 92
0.000077 2
0.000097 95
0.000076 2
0.000153 93
0.000078 2
0.000097 83
0.000076 2
0.000190 88
0.000086 2
0.000202 103
0.000096 2
0.000109 93
0.000096 2
0.000140 90
0.000077 2
0.000126 89
0.000077 2
0.000101 102
0.000077 2
0.000096 92
0.000078 2
0.000137 94
0.000078 2
0.000096 103
0.000078 2
0.000101 93
0.000131 2
0.000150 88
0.000079 2
0.000149 97
0.000082 2
0.000133 100
0.000079 2
0.000094 90
0.000076 2
0.000170 92
0.000112 2
0.000115 90
0.000076 2
0.000158 93
0.000127 2
0.000144 97
0.000078 2
0.000243 92
0.000094 2
0.000512 89
0.000098 2
0.000253 113
0.000100 2
0.000289 103
0.000108 2
0.000168 89
0.000127 2
0.000206 87
0.000094 2
0.000111 85
0.000092 2
0.000111 100
0.000094 2
0.003686 90
0.000022 2
0.000147 98
0.000019 2
0.000082 105
0.000018 2
0.000048 95
0.000018 2
0.000084 105
0.000060 2
0.000106 124
0.000018 2
0.000063 130
0.000019 2
0.000050 137
0.000017 2
0.000048 124
0.000018 2
0.000046 114
0.000018 2
0.000058 105
0.000017 2
0.000100 90
0.000018 2
0.000129 98
0.000018 2
0.000045 88
0.000018 2
0.000081 101
0.000156 2
0.000061 91
0.000018 2
0.000086 106
0.000018 2
0.000046 96
0.000018 2
0.000086 89
0.000018 2
0.000046 91
0.000018 2
0.000049 101
0.000018 2
0.000045 91
0.000018 2
0.000089 93
0.000017 2
0.000101 91
0.000017 2
0.000182 98
0.000020 2
0.000048 96
0.000018 2
0.000058 101
0.000017 2
0.000090 97
0.000018 2
0.000047 95
0.000017 2
0.000056 100
0.001020 2
0.000227 100
0.000383 2
0.000109 90
0.000033 2
0.000192 87
0.000715 2
0.000110 87
0.000019 2
0.000051 86
0.000018 2
0.000048 93
0.000017 2
0.000046 84
0.000017 2
0.000052 99
0.000017 2
0.000066 89
0.000017 2
0.000101 94
0.000018 2
0.000089 150
0.000018 2
0.000081 98
0.000023 2
0.000103 148
0.000017 2
0.000049 96
0.000604 2
0.000106 151
0.000018 2
0.000098 99
0.000020 2
0.000105 106
0.000020 2
0.000048 96
0.000017 2
0.000087 109
0.000018 2
0.000046 99
0.000017 2
0.000085 107
0.000018 2
0.000046 97
0.000018 2
0.000136 89
0.000293 2
0.000102 115
0.000018 2
0.000051 105
0.000018 2
0.000085 96
0.000018 2
0.000047 95
0.000017 2
0.000050 102
0.000158 2
0.000070 98
0.000018 2
0.000087 96
0.000096 2
0.000059 95
0.000052 2
0.000057 102
0.000097 2
0.000070 98
0.000076 2
0.000110 92
0.000191 2
0.000100 112
0.000017 2
0.000048 102
0.000105 2
0.000138 117
0.000085 2
0.000097 107
0.000078 2
0.000097 112
0.000080 2
0.000097 102
0.000078 2
0.000097 113
0.000079 2
0.000096 103
0.000112 2
0.000105 139
0.000085 2
0.000060 94
0.000087 2
0.000167 100
0.000096 2
0.000101 90
0.000079 2
0.000531 104
0.000130 2
0.000108 94
0.000081 2
0.000152 101
0.000171 2
0.000138 91
0.000082 2
0.000149 102
0.000081 2
0.000227 92
0.000081 2
0.000138 104
0.000135 2
0.000108 94
0.000078 2
0.000137 106
0.000080 2
0.000116 96
0.000079 2
0.000143 135
0.000085 2
0.000125 92
0.000078 2
0.000140 144
0.000086 2
0.000096 95
0.000076 2
0.000254 86
0.000077 2
0.000119 85
0.000077 2
0.000102 98
0.000078 2
0.000095 88
0.000075 2
0.000134 108
0.000079 2
0.000095 98
0.000076 2
0.000177 110
0.000086 2
0.000145 106
0.000079 2
0.000096 96
0.000190 2
0.000282 99
0.000111 2
0.000140 91
0.000078 2
0.000097 104
0.000078 2
0.000095 94
0.000076 2
0.000134 91
0.000076 2
0.000097 90
0.000106 2
0.000103 90
0.000076 2
0.000095 88
0.000078 2
0.000106 93
0.000078 2
0.000134 102
0.000078 2
0.000096 92
0.000104 2
0.000145 88
0.000078 2
0.000096 91
0.000078 2
0.000059 90
0.000075 2
0.000083 95
0.000077 2
0.000096 94
0.000075 2
0.000567 100
0.000173 2
0.000102 98
0.000078 2
0.000096 88
0.000122 2
0.000188 95
0.000080 2
0.000292 94
0.000078 2
0.000108 93
0.000079 2
0.000124 93
0.000078 2
0.000168 88
0.000077 2
0.000147 97
0.000078 2
0.000135 90
0.000077 2
0.000097 90
0.000103 2
0.000101 89
0.000076 2
0.000120 92
0.000081 2
0.000254 142
0.000088 2
0.000097 97
0.000077 2
0.000161 100
0.000079 2
0.000095 90
0.000075 2
0.000228 99
0.000092 2
0.000099 101
0.000080 2
0.000193 116
0.000082 2
0.000097 106
0.000078 2
0.000141 161
0.000089 2
0.000097 100
0.000077 2
0.000263 95
0.000081 2
0.000146 87
0.000077 2
0.000096 84
0.000077 2
0.000108 89
0.000075 2
0.000387 87
0.000079 2
0.000096 87
0.000203 2
0.000157 86
0.000102 2
0.000131 99
0.000184 2
0.000221 89
0.000094 2
0.000838 104
0.000117 2
0.000103 94
0.000078 2
0.000285 99
0.000081 2
0.000137 89
0.000076 2
0.000134 94
0.000078 2
0.000096 100
0.000077 2
0.000095 90
0.000075 2
0.000270 94
0.000086 2
0.000107 98
0.000079 2
0.000105 96
0.000076 2
0.000096 93
0.000076 2
0.000106 93
0.000078 2
0.000284 95
0.000080 2
0.000097 105
0.000078 2
0.000099 95
0.000076 2
0.000314 90
0.000109 2
0.000163 97
0.000080 2
0.000095 98
0.000077 2
0.000099 97
0.000076 2
0.000167 102
0.000078 2
0.000098 104
0.000110 2
0.000118 107
0.000081 2
0.000098 104
0.000078 2
0.000097 107
0.000077 2
0.000095 107
0.000078 2
0.000095 104
0.000110 2
0.000100 105
0.000080 2
0.000097 109
0.000079 2
0.000101 106
0.000077 2
0.000100 120
0.000082 2
0.000097 108
0.000078 2
0.000132 108
0.000080 2
0.000101 113
0.000078 2
0.000103 108
0.000078 2
0.000100 109
0.000078 2
0.000098 109
0.000211 2
0.000106 106
0.000078 2
0.000102 110
0.000079 2
0.000100 124
0.000081 2
0.000103 110
0.000078 2
0.000099 106
0.000077 2
0.000163 112
0.000081 2
0.000101 106
0.000077 2
0.000101 107
0.000078 2
0.000102 115
0.000079 2
0.000105 106
0.000077 2
0.000134 109
0.000080 2
0.000103 118
0.000082 2
0.000102 114
0.000079 2
0.000101 108
0.000079 2
0.000105 108
0.000081 2
0.000139 106
0.000081 2
0.000103 107
0.000077 2
0.000104 104
0.000078 2
0.000103 108
0.000079 2
0.000104 109
0.000078 2
0.000222 111
0.000129 2
0.000139 110
0.000097 2
0.000120 108
0.000095 2
0.000118 106
0.000095 2
0.001210 121
0.000021 2
0.000064 114
0.000018 2
0.000056 106
0.000017 2
0.000072 148
0.000017 2
0.000049 94
0.000017 2
0.000108 107
0.000018 2
0.000046 97
0.000018 2
0.000084 97
0.000018 2
0.000046 96
0.000018 2
0.000052 109
0.000017 2
0.000131 99
0.000029 2
0.000110 89
0.000017 2
0.000096 99
0.000018 2
0.000083 106
0.000756 2
0.000106 96
0.000018 2
0.000237 88
0.000018 2
0.000050 86
0.000018 2
0.000047 93
0.000018 2
0.000047 99
0.000017 2
0.000046 89
0.000017 2
0.000541 90
0.002159 2
0.000256 95
0.000019 2
0.000347 96
0.000020 2
0.000049 96
0.000017 2
0.000047 98
0.000017 2
0.000271 90
0.000020 2
0.000132 96
0.000018 2
0.000110 148
0.000018 2
0.000110 98
0.000020 2
0.000091 90
0.000017 2
0.000050 105
0.000017 2
0.000047 95
0.000017 2
0.000133 100
0.000017 2
0.000047 90
0.000017 2
0.000089 97
0.000018 2
0.000179 109
0.000018 2
0.000047 99
0.000017 2
0.000139 111
0.000021 2
0.000048 101
0.001007 2
0.000231 96
0.000254 2
0.000078 111
0.000923 2
0.000087 101
0.000018 2
0.000106 109
0.000050 2
0.000138 106
0.000020 2
0.000052 109
0.000017 2
0.000048 106
0.000018 2
0.000054 106
0.000017 2
0.000049 104
0.000017 2
0.000048 108
0.000017 2
0.000048 107
0.000017 2
0.000050 106
0.000017 2
0.000049 109
0.000017 2
0.000048 107
0.000017 2
0.000103 111
0.000017 2
0.000050 101
0.000017 2
0.000124 104
0.000598 2
0.000062 94
0.000018 2
0.000050 109
0.000018 2
0.000051 99
0.000017 2
0.000122 107
0.000020 2
0.000099 112
0.000045 2
0.000061 102
0.000018 2
0.000085 104
0.000018 2
0.000049 111
0.000018 2
0.000050 101
0.000017 2
0.000082 109
0.000018 2
0.000046 99
0.000283 2
0.000132 111
0.000020 2
0.000047 112
0.000017 2
0.000051 102
0.000018 2
0.000083 114
0.000150 2
0.000188 104
0.000018 2
0.000087 109
0.000104 2
0.000061 99
0.000093 2
0.000111 89
0.000100 2
0.000078 99
0.000081 2
0.000061 104
0.000078 2
0.000060 87
0.000075 2
0.000060 102
0.000077 2
0.000060 92
0.000109 2
0.000167 90
0.000078 2
0.000190 90
0.000079 2
0.000139 90
0.000077 2
0.000096 89
0.000075 2
0.000125 87
0.000077 2
0.000097 102
0.000077 2
0.000099 92
0.000075 2
0.000098 100
0.000078 2
0.000094 90
0.000076 2
0.000198 91
0.000083 2
0.000137 93
0.000080 2
0.000097 92
0.000391 2
0.000151 95
0.000020 2
0.000124 92
0.000378 2
0.000098 90
0.000018 2
0.000059 95
0.000017 2
0.000110 93
0.000018 2
0.000135 93
0.000151 2
0.000077 93
0.000018 2
0.000086 97
0.000100 2
0.000061 104
0.000082 2
0.000061 94
0.000078 2
0.000112 96
0.000080 2
0.000154 108
0.000083 2
0.000142 89
0.000079 2
0.000101 88
0.000078 2
0.000097 86
0.000077 2
0.000060 101
0.000079 2
0.000094 91
0.000079 2
0.000140 97
0.000083 2
0.000099 104
0.000178 2
0.000063 97
0.000017 2
0.000053 102
0.000017 2
0.000049 109
0.000154 2
0.000071 99
0.000018 2
0.000101 90
0.000101 2
0.000191 107
0.000083 2
0.000098 97
0.000078 2
0.000150 98
0.000113 2
0.000110 108
0.000080 2
0.000098 113
0.000082 2
0.000097 103
0.000080 2
0.000100 107
0.000080 2
0.000105 124
0.000083 2
0.000128 123
0.000083 2
0.000061 120
0.000017 2
0.000047 116
0.000104 2
0.000061 114
0.000017 2
0.000126 116
0.000021 2
0.000090 110
0.000103 2
0.000064 100
0.000107 2
0.000106 118
0.000084 2
0.000253 96
0.000082 2
0.000202 101
0.000081 2
0.000060 91
0.000121 2
0.000104 96
0.000080 2
0.000099 101
0.000079 2
0.000060 91
0.000077 2
0.000098 117
0.000083 2
0.000100 107
0.000080 2
0.000140 122
0.000086 2
0.000315 90
0.000082 2
0.000143 141
0.000089 2
0.000097 95
0.000077 2
0.000175 89
0.000077 2
0.000132 101
0.000079 2
0.000096 91
0.000077 2
0.000190 94
0.000078 2
0.000137 103
0.000082 2
0.000097 93
0.000076 2
0.000135 107
0.000078 2
0.000303 100
0.000084 2
0.000123 90
0.000078 2
0.000136 99
0.000078 2
0.000103 91
0.000076 2
0.000106 94
0.000077 2
0.000153 90
0.000079 2
0.000181 111
0.000086 2
0.000097 101
0.000077 2
0.000133 106
0.000082 2
0.000097 96
0.000076 2
0.000132 100
0.000125 2
0.000137 90
0.000078 2
0.000142 89
0.000079 2
0.000099 94
0.000076 2
0.000097 102
0.000077 2
0.000095 92
0.000106 2
0.000139 98
0.000080 2
0.000096 110
0.000082 2
0.000096 100
0.000076 2
0.000219 115
0.000088 2
0.000126 105
0.000079 2
0.000140 138
0.000085 2
0.000096 94
0.000079 2
0.000282 106
0.000254 2
0.000105 93
0.000026 2
0.000086 99
0.000163 2
0.000107 89
0.000087 2
0.000083 93
0.000128 2
0.000569 87
0.000127 2
0.000119 87
0.000077 2
0.000132 100
0.000084 2
0.000135 90
0.000079 2
0.000140 104
0.000080 2
0.000097 94
0.000077 2
0.004187 97
0.000099 2
0.000155 93
0.000082 2
0.001649 87
0.000110 2
0.000105 99
0.000077 2
0.000096 98
0.000076 2
0.000096 96
0.000076 2
0.000156 87
0.000077 2
0.000149 85
0.000081 2
0.000108 90
0.000075 2
0.000445 91
0.000083 2
0.000280 88
0.000081 2
0.000097 88
0.000078 2
0.000097 87
0.000244 2
0.000336 99
0.000089 2
0.000147 93
0.000078 2
0.000224 137
0.000104 2
0.000112 92
0.000141 2
0.000148 102
0.000091 2
0.000110 92
0.000094 2
0.000156 143
0.000104 2
0.000115 96
0.000117 2
0.000172 95
0.004061 2
0.000180 96
0.000019 2
0.000090 99
0.000018 2
0.000049 89
0.000018 2
0.000083 103
0.000018 2
0.000049 93
0.000017 2
0.000083 102
0.000054 2
0.000072 107
0.000017 2
0.000048 97
0.000017 2
0.000144 100
0.000018 2
0.000047 90
0.000017 2
0.000083 108
0.000128 2
0.000065 104
0.000017 2
0.000050 114
0.000017 2
0.000047 104
0.000017 2
0.000101 95
0.000018 2
0.000265 92
0.001020 2
0.000235 150
0.000323 2
0.000081 99
0.000584 2
0.000173 110
0.000019 2
0.000055 100
0.000019 2
0.000098 106
0.000019 2
0.000109 96
0.000020 2
0.000088 102
0.000017 2
0.000046 92
0.000018 2
0.000090 88
0.000262 2
0.000068 87
0.000018 2
0.000048 100
0.000017 2
0.000048 90
0.000018 2
0.000086 103
0.000018 2
0.000046 93
0.000070 2
0.000346 114
0.000022 2
0.000050 104
0.000018 2
0.000185 117
0.000082 2
0.000066 118
0.000080 2
0.000060 108
0.000067 2
0.000311 88
0.000081 2
0.000208 88
0.000077 2
0.000099 88
0.000075 2
0.000122 87
0.000079 2
0.000103 100
0.000107 2
0.000100 90
0.000076 2
0.000137 89
0.000076 2
0.000096 92
0.000075 2
0.000156 88
0.000100 2
0.000106 101
0.000088 2
0.000107 91
0.000203 2
0.000110 90
0.000078 2
0.000123 89
0.000080 2
0.000061 84
0.000074 2
0.000065 99
0.000079 2
0.000059 89
0.000075 2
0.000102 98
0.000078 2
0.000060 104
0.000078 2
0.000060 94
0.000107 2
0.000163 140
0.000150 2
0.000115 91
0.000077 2
0.000137 108
0.000080 2
0.000101 113
0.000081 2
0.000097 103
0.000080 2
0.000147 157
0.000090 2
0.000107 167
0.000098 2
0.000069 109
0.000079 2
0.000108 151
0.000086 2
0.000135 161
0.000090 2
0.000097 103
0.000077 2
0.000098 98
0.000125 2
0.000107 96
0.000075 2
0.000060 109
0.000079 2
0.000218 99
0.000096 2
0.000115 109
0.000080 2
0.000098 112
0.000079 2
0.000060 113
0.000079 2
0.000065 110
0.000079 2
0.000061 113
0.000116 2
0.000063 108
0.000018 2
0.000048 111
0.000100 2
0.000107 96
0.000079 2
0.000060 98
0.000076 2
0.000075 98
0.000084 2
0.000259 94
0.000158 2
0.000200 94
0.000140 2
0.000412 92
0.000025 2
0.000061 98
0.000106 2
0.000060 105
0.000078 2
0.000060 95
0.000018 2
0.000273 98
0.000100 2
0.000097 88
0.000075 2
0.000243 90
0.000077 2
0.000135 109
0.000080 2
0.000096 99
0.000078 2
0.000142 150
0.000087 2
0.000144 96
0.000080 2
0.000141 99
0.000078 2
0.000095 89
0.000075 2
0.000137 89
0.000076 2
0.000096 88
0.000075 2
0.000125 86
0.000076 2
0.000107 91
0.000074 2
0.000141 105
0.000079 2
0.000095 95
0.000077 2
0.000098 106
0.000082 2
0.000125 96
0.000079 2
0.000137 103
0.000079 2
0.000095 93
0.000129 2
0.000149 86
0.000078 2
0.000096 99
0.000178 2
0.000108 89
0.000078 2
0.000134 99
0.000078 2
0.000099 89
0.000075 2
0.000213 93
0.000106 2
0.000142 99
0.000079 2
0.000095 89
0.000075 2
0.000131 102
0.000079 2
0.000094 92
0.000075 2
0.000142 91
0.000109 2
0.000137 102
0.000079 2
0.000100 92
0.000079 2
0.000139 88
0.000077 2
0.000099 85
0.000074 2
0.000097 88
0.000105 2
0.000062 90
0.000076 2
0.000060 88
0.000074 2
0.000061 100
0.000077 2
0.000110 90
0.000080 2
0.000195 96
0.000078 2
0.000232 88
0.000073 2
0.000110 91
0.000079 2
0.000123 105
0.000078 2
0.000083 95
0.000075 2
0.000103 140
0.000135 2
0.000064 96
0.000018 2
0.000163 87
0.000077 2
0.000059 89
0.000076 2
0.000059 87
0.000075 2
0.000060 99
0.000076 2
0.000059 89
0.000075 2
0.000134 106
0.000081 2
0.000095 96
0.000078 2
0.000103 112
0.000080 2
0.000100 102
0.000077 2
0.000183 102
0.000105 2
0.000129 92
0.000078 2
0.000142 97
0.000078 2
0.000142 92
0.000123 2
0.000100 96
0.000076 2
0.000184 97
0.000080 2
0.000188 108
0.000081 2
0.000096 98
0.000079 2
0.000148 108
0.000080 2
0.000096 98
0.000104 2
0.000282 116
0.000084 2
0.000098 112
0.000078 2
0.000096 121
0.000084 2
0.000100 129
0.000109 2
0.000102 115
0.000079 2
0.000098 122
0.000080 2
0.000102 122
0.000084 2
0.000102 122
0.000080 2
0.000193 130
0.000252 2
0.000134 116
0.000021 2
0.000060 123
0.000018 2
0.000068 124
0.000176 2
0.000075 106
0.000018 2
0.000051 113
0.000019 2
0.000636 115
0.000083 2
0.000196 108
0.000084 2
0.000184 98
0.000088 2
0.000151 112
0.000081 2
0.000097 102
0.000078 2
0.000141 98
0.000078 2
0.000097 102
0.000113 2
0.000100 100
0.000078 2
0.000097 110
0.000080 2
0.000096 100
0.000077 2
0.000154 106
0.000079 2
0.000096 107
0.000111 2
0.000101 111
0.000080 2
0.000100 111
0.000080 2
0.000097 111
0.000081 2
0.000099 112
0.000080 2
0.000102 125
0.000081 2
0.000128 111
0.000082 2
0.000100 116
0.000080 2
0.000062 119
0.000161 2
0.000074 111
0.000081 2
0.000063 110
0.000079 2
0.000077 112
0.000155 2
0.000070 108
0.000017 2
0.000056 114
0.000102 2
0.000065 117
0.000017 2
0.000050 111
0.000101 2
0.000065 109
0.000017 2
0.000055 110
0.000099 2
0.000066 113
0.000133 2
0.000069 109
0.000018 2
0.000051 110
0.000018 2
0.000052 120
0.000125 2
0.000110 115
0.000082 2
0.000060 105
0.000078 2
0.000103 103
0.000080 2
0.000126 93
0.000081 2
0.000265 93
0.000079 2
0.000138 105
0.000079 2
0.000101 95
0.000080 2
0.000184 100
0.000117 2
0.000110 90
0.000104 2
0.000249 102
0.000100 2
0.000110 92
0.000114 2
0.000155 93
0.001148 2
0.000076 99
0.000018 2
0.000050 105
0.000018 2
0.000047 95
0.000018 2
0.000092 97
0.000018 2
0.000046 103
0.000017 2
0.000051 93
0.000017 2
0.000093 146
0.000018 2
0.000107 98
0.000020 2
0.000100 147
0.000018 2
0.000048 99
0.000017 2
0.000230 100
0.000018 2
0.000046 90
0.000018 2
0.000084 90
0.000018 2
0.000046 90
0.000885 2
0.000090 92
0.000018 2
0.000109 100
0.000019 2
0.000049 90
0.000017 2
0.000146 89
0.000020 2
0.000093 90
0.000017 2
0.000084 103
0.000017 2
0.000050 94
0.000018 2
0.000045 97
0.000017 2
0.000065 93
0.000017 2
0.000650 95
0.001946 2
0.000288 100
0.000025 2
0.000055 90
0.000018 2
0.000091 88
0.000018 2
0.000047 88
0.000197 2
0.000093 87
0.000019 2
0.000052 100
0.000019 2
0.000047 90
0.000017 2
0.000105 119
0.000018 2
0.000056 133
0.000017 2
0.000049 117
0.000017 2
0.000049 143
0.000017 2
0.000048 97
0.000018 2
0.000085 89
0.000018 2
0.000047 96
0.000017 2
0.000046 88
0.000017 2
0.000050 101
0.000018 2
0.000073 91
0.000024 2
0.000161 97
0.000021 2
0.000143 94
0.000018 2
0.000130 104
0.000018 2
0.000050 94
0.000017 2
0.000132 149
0.000019 2
0.000049 101
0.000017 2
0.000083 103
0.000018 2
0.000046 93
0.001082 2
0.000363 100
0.000359 2
0.000144 90
0.001296 2
0.000151 104
0.000020 2
0.000052 94
0.000018 2
0.000191 97
0.000024 2
0.000128 104
0.000021 2
0.000110 93
0.000021 2
0.000226 110
0.000023 2
0.000059 100
0.000021 2
0.000109 100
0.000021 2
0.000146 136
0.000028 2
0.000072 92
0.000021 2
0.000195 96
0.000326 2
0.000117 108
0.000021 2
0.000130 100
0.000162 2
0.000155 96
0.000149 2
0.000178 105
0.000095 2
0.000120 95
0.000090 2
0.000114 87
0.000092 2
0.000114 94
0.000089 2
0.000071 92
0.000088 2
0.000088 90
0.000092 2
0.000641 96
0.000096 2
0.000169 91
0.000094 2
0.000167 149
0.000135 2
0.000122 102
0.000094 2
0.000159 102
0.000092 2
0.000118 92
0.000089 2
0.000157 93
0.000135 2
0.000163 96
0.000090 2
0.000117 92
0.000089 2
0.000273 92
0.000286 2
0.000192 99
0.000084 2
0.000098 89
0.000076 2
0.000301 88
0.000078 2
0.000138 88
0.000081 2
0.000097 94
0.000078 2
0.000096 90
0.000076 2
0.000097 100
0.000080 2
0.000096 90
0.000075 2
0.000253 101
0.000095 2
0.000119 114
0.000093 2
0.000118 104
0.000092 2
0.000166 93
0.000093 2
0.000228 104
0.000096 2
0.000111 94
0.000090 2
0.000244 92
0.000127 2
0.000136 94
0.000578 2
0.000355 105
0.000142 2
0.000155 95
0.000098 2
0.000162 104
0.000093 2
0.000113 94
0.000090 2
0.000156 96
0.000189 2
0.000152 91
0.000108 2
0.000274 92
0.000082 2
0.000098 93
0.000076 2
0.000162 88
0.000079 2
0.000108 93
0.000076 2
0.000097 104
0.000077 2
0.000134 108
0.000083 2
0.000097 98
0.000078 2
0.000442 109
0.000096 2
0.000113 99
0.000090 2
0.000517 87
0.000093 2
0.000138 100
0.000091 2
0.000111 90
0.000088 2
0.000263 107
0.000099 2
0.000125 97
0.000092 2
0.000165 93
0.000092 2
0.000110 93
0.000089 2
0.000117 95
0.000158 2
0.000117 92
0.000090 2
0.000113 93
0.000088 2
0.000114 105
0.000092 2
0.000112 95
0.000089 2
0.000255 108
0.000096 2
0.000242 100
0.000094 2
0.000164 144
0.000101 2
0.000155 96
0.000092 2
0.000159 91
0.000091 2
0.000113 103
0.000094 2
0.000113 93
0.000089 2
0.000192 99
0.000094 2
0.000111 89
0.000089 2
0.000430 111
0.000094 2
0.000152 101
0.000096 2
0.000222 105
0.000098 2
0.000119 95
0.000089 2
0.000170 103
0.000095 2
0.000242 99
0.000093 2
0.000192 102
0.000094 2
0.000161 100
0.000092 2
0.000141 90
0.000100 2
0.000166 143
0.000104 2
0.000112 98
0.000090 2
0.000157 104
0.000092 2
0.000115 94
0.000126 2
0.000165 151
0.000114 2
0.000096 102
0.000079 2
0.000138 92
0.000078 2
0.000157 92
0.000114 2
0.000110 91
0.000075 2
0.000293 104
0.000084 2
0.000098 94
0.000076 2
0.000377 107
0.000087 2
0.000100 97
0.000076 2
0.000396 103
0.000285 2
0.000176 93
0.000097 2
0.000759 98
0.000132 2
0.000127 107
0.000097 2
0.000115 97
0.000091 2
0.000174 109
0.000159 2
0.000102 99
0.000077 2
0.000194 110
0.000081 2
0.000097 100
0.000077 2
0.000668 105
0.000084 2
0.000097 95
0.000080 2
0.000133 106
0.000080 2
0.000124 96
0.000080 2
0.000326 111
0.000081 2
0.000097 101
0.000077 2
0.000237 109
0.000132 2
0.000100 99
0.000077 2
0.000270 105
0.000082 2
0.000096 95
0.000077 2
0.000262 108
0.000082 2
0.000097 98
0.000077 2
0.000450 97
0.000086 2
0.000198 99
0.000098 2
0.000179 104
0.000098 2
0.000110 94
0.000093 2
0.000196 92
0.000133 2
0.000120 92
0.000094 2
0.000109 91
0.000094 2
0.000109 94
0.000093 2
0.000110 104
0.000097 2
0.000137 94
0.000095 2
0.000157 90
0.000095 2
0.000110 90
0.000092 2
0.000110 89
0.000087 2
0.003591 92
0.000024 2
0.000056 102
0.000018 2
0.000048 92
0.000018 2
0.000114 95
0.000018 2
0.000086 87
0.000018 2
0.000046 87
0.000017 2
0.000115 86
0.000020 2
0.000058 89
0.000017 2
0.000054 99
0.000017 2
0.000047 89
0.000017 2
0.000189 98
0.000019 2
0.000046 90
0.000017 2
0.000056 94
0.000017 2
0.000092 101
0.000018 2
0.000056 99
0.000017 2
0.003956 112
0.000170 2
0.000222 102
0.000085 2
0.000152 98
0.000079 2
0.000136 90
0.000077 2
0.000106 95
0.000108 2
0.000224 90
0.000080 2
0.000133 106
0.000080 2
0.000095 96
0.000076 2
0.000134 106
0.000104 2
0.000108 96
0.000076 2
0.000816 101
0.000085 2
0.000326 102
0.000080 2
0.000097 101
0.000079 2
0.001540 95
0.000091 2
0.000115 97
0.000081 2
0.000180 96
0.000078 2
0.000121 92
0.000108 2
0.000139 103
0.000079 2
0.000105 98
0.000076 2
0.000136 106
0.000079 2
0.000105 101
0.000078 2
0.000166 86
0.000078 2
0.000106 89
0.000075 2
0.000136 94
0.000083 2
0.000096 107
0.000078 2
0.000095 97
0.000076 2
0.000164 92
0.000082 2
0.000096 95
0.000076 2
0.000096 94
0.000175 2
0.000110 102
0.000077 2
0.000096 107
0.000103 2
0.000135 97
0.000078 2
0.000136 103
0.000079 2
0.000096 93
0.000076 2
0.000132 105
0.000081 2
0.000100 95
0.000109 2
0.000139 108
0.000083 2
0.000097 98
0.000077 2
0.000142 93
0.000078 2
0.000145 100
0.000082 2
0.000178 94
0.000078 2
0.000134 109
0.000080 2
0.000095 99
0.000077 2
0.000134 97
0.000077 2
0.000100 103
0.000102 2
0.000105 93
0.000075 2
0.000143 91
0.000077 2
0.000237 93
0.000080 2
0.000138 101
0.000079 2
0.000126 91
0.000076 2
0.000162 91
0.000077 2
0.000136 103
0.000078 2
0.000096 93
0.000075 2
0.000140 140
0.000149 2
0.000101 94
0.000076 2
0.000144 101
0.000080 2
0.000109 91
0.000118 2
0.000327 89
0.000139 2
0.000483 88
0.000131 2
0.000166 101
0.000083 2
0.000101 91
0.000078 2
0.000098 94
0.000179 2
0.000113 97
0.000077 2
0.000385 94
0.000085 2
0.000136 106
0.000080 2
0.000097 96
0.000076 2
0.000141 145
0.000089 2
0.000137 94
0.000079 2
0.000134 104
0.000078 2
0.000097 94
0.000076 2
0.000186 97
0.000079 2
0.000096 103
0.000111 2
0.000103 93
0.000076 2
0.000151 92
0.000078 2
0.000096 94
0.000076 2
0.000097 96
0.000076 2
0.000100 98
0.000109 2
0.000114 101
0.000078 2
0.000110 94
0.000076 2
0.000147 94
0.000179 2
0.000113 89
0.000076 2
0.000125 95
0.000079 2
0.000095 91
0.000075 2
0.000101 97
0.000077 2
0.000097 95
0.000094 2
0.000097 98
0.000076 2
0.000100 86
0.000104 2
0.000111 91
0.000075 2
0.000141 94
0.000081 2
0.000095 99
0.000076 2
0.000095 90
0.000075 2
0.000106 93
0.000117 2
0.000138 103
0.000079 2
0.000095 93
0.000076 2
0.000135 92
0.000079 2
0.000096 92
0.000076 2
0.000256 91
0.000080 2
0.000121 94
0.000078 2
0.000146 90
0.000078 2
0.000275 108
0.000118 2
0.000102 98
0.000077 2
0.000135 91
0.000077 2
0.000104 93
0.000076 2
0.000242 98
0.000081 2
0.000162 93
0.000077 2
0.000135 101
0.000079 2
0.000094 91
0.000075 2
0.000134 104
0.000079 2
0.000095 94
0.000113 2
0.000143 106
0.000080 2
0.000096 96
0.000076 2
0.000134 98
0.000078 2
0.000104 94
0.000076 2
0.000139 106
0.000110 2
0.000098 96
0.000076 2
0.000134 105
0.000081 2
0.000096 95
0.000077 2
0.000252 98
0.000111 2
0.000297 89
0.000078 2
0.000095 95
0.000076 2
0.000096 101
0.000077 2
0.000096 91
0.000075 2
0.000262 104
0.000086 2
0.000114 106
0.000078 2
0.000137 93
0.000078 2
0.000101 93
0.000076 2
0.000139 95
0.000079 2
0.000098 92
0.000077 2
0.000107 95
0.000079 2
0.000142 92
0.000077 2
0.000119 98
0.000195 2
0.000165 89
0.000102 2
0.000137 104
0.000107 2
0.000149 94
0.000113 2
0.000529 105
0.000104 2
0.000131 107
0.000080 2
0.000142 108
0.000081 2
0.000146 113
0.000082 2
0.000110 103
0.000080 2
0.000235 97
0.000079 2
0.000096 103
0.000078 2
0.000095 93
0.000114 2
0.000137 112
0.000159 2
0.000173 96
0.000080 2
0.000096 98
0.000077 2
0.000253 93
0.000082 2
0.000105 91
0.000076 2
0.000144 99
0.000080 2
0.000147 92
0.000077 2
0.000134 90
0.000188 2
0.000113 92
0.000093 2
0.000110 89
0.000092 2
0.000111 102
0.000095 2
0.000113 92
0.000093 2
0.003404 101
0.000023 2
0.000189 91
0.000021 2
0.000096 99
0.000018 2
0.000048 89
0.000018 2
0.000100 94
0.000052 2
0.000108 92
0.000018 2
0.000085 101
0.000017 2
0.000049 114
0.000017 2
0.000052 104
0.000017 2
0.000082 110
0.000018 2
0.000046 100
0.000017 2
0.000082 100
0.000018 2
0.000047 113
0.000927 2
0.000169 103
0.000437 2
0.000424 90
0.000636 2
0.000137 92
0.000138 2
0.000069 102
0.000018 2
0.000048 92
0.000017 2
0.000096 110
0.000018 2
0.000073 100
0.000032 2
0.000109 90
0.000018 2
0.000084 108
0.000206 2
0.000065 98
0.000017 2
0.000087 85
0.000018 2
0.000046 93
0.000018 2
0.000065 101
0.000134 2
0.000100 91
0.000020 2
0.000097 109
0.000099 2
0.000060 99
0.000077 2
0.000220 101
0.000080 2
0.000100 108
0.000079 2
0.000120 98
0.000085 2
0.000144 156
0.000088 2
0.000096 102
0.000078 2
0.000133 103
0.000078 2
0.000096 93
0.000109 2
0.000868 142
0.000023 2
0.000056 94
0.000017 2
0.000156 147
0.000020 2
0.000054 99
0.000018 2
0.000096 150
0.000231 2
0.000062 102
0.000017 2
0.000092 149
0.000018 2
0.000047 101
0.000018 2
0.000245 149
0.000027 2
0.000058 101
0.000106 2
0.000115 93
0.000077 2
0.000171 93
0.000110 2
0.000109 94
0.000078 2
0.000195 93
0.000078 2
0.000186 152
0.000088 2
0.000127 95
0.000082 2
0.000552 102
0.000082 2
0.000225 92
0.000112 2
0.000141 137
0.000086 2
0.000095 91
0.000078 2
0.000147 97
0.000077 2
0.000132 103
0.000079 2
0.000148 93
0.000083 2
0.000135 91
0.000078 2
0.000142 91
0.000078 2
0.000095 104
0.000080 2
0.000111 94
0.000108 2
0.000154 93
0.000080 2
0.000134 97
0.000079 2
0.000100 104
0.000078 2
0.000095 94
0.000079 2
0.000279 94
0.000079 2
0.000099 90
0.000076 2
0.000096 107
0.000078 2
0.000095 97
0.000077 2
0.000095 85
0.000218 2
0.000107 141
0.000086 2
0.000101 90
0.000076 2
0.000137 106
0.000080 2
0.000095 96
0.000078 2
0.000166 92
0.000080 2
0.000143 96
0.000082 2
0.000145 93
0.000079 2
0.000141 88
0.000077 2
0.000133 103
0.000110 2
0.000110 93
0.000077 2
0.000145 91
0.000076 2
0.000133 105
0.000079 2
0.000096 95
0.000076 2
0.000177 96
0.000111 2
0.000142 95
0.000080 2
0.000097 95
0.000076 2
0.000095 94
0.000076 2
0.000095 95
0.000079 2
0.000306 97
0.000082 2
0.000291 95
0.000080 2
0.000135 92
0.000078 2
0.000149 102
0.000094 2
0.000100 92
0.000079 2
0.000139 93
0.000078 2
0.000136 94
0.000078 2
0.000097 94
0.000079 2
0.000139 96
0.000078 2
0.000111 96
0.000077 2
0.000136 103
0.000079 2
0.000095 93
0.000076 2
0.000140 143
0.000119 2
0.000118 95
0.000079 2
0.000140 144
0.000085 2
0.000096 96
0.000088 2
0.000137 90
0.000077 2
0.000096 89
0.000112 2
0.000197 92
0.000090 2
0.000494 94
0.000168 2
0.000233 97
0.000090 2
0.000253 91
0.000381 2
0.000212 93
0.000088 2
0.000341 99
0.000081 2
0.000272 90
0.000116 2
0.000157 95
0.000082 2
0.000143 93
0.000078 2
0.000147 109
0.000082 2
0.000180 94
0.000083 2
0.000139 91
0.000077 2
0.000096 93
0.000203 2
0.000104 88
0.000074 2
0.000097 95
0.000113 2
0.000113 93
0.000076 2
0.000144 90
0.000078 2
0.000148 96
0.000082 2
0.000146 94
0.000079 2
0.000206 94
0.000080 2
0.000134 94
0.000080 2
0.000097 90
0.000076 2
0.000100 100
0.000078 2
0.000095 90
0.000107 2
0.000143 99
0.000078 2
0.000097 112
0.000079 2
0.000095 102
0.000077 2
0.000146 161
0.000089 2
0.000100 104
0.000114 2
0.000136 103
0.000080 2
0.000095 93
0.000079 2
0.000245 109
0.000083 2
0.000139 114
0.000116 2
0.000101 104
0.000077 2
0.000386 102
0.000081 2
0.000111 97
0.000079 2
0.000197 112
0.000108 2
0.000136 102
0.000107 2
0.000210 109
0.000084 2
0.000098 117
0.000081 2
0.000138 113
0.000080 2
0.000097 115
0.000083 2
0.000103 120
0.000160 2
0.000106 119
0.000083 2
0.000099 113
0.000122 2
0.000105 114
0.000080 2
0.000098 116
0.000079 2
0.000195 116
0.000084 2
0.000100 116
0.000079 2
0.000128 112
0.000082 2
0.000211 93
0.000078 2
0.000133 103
0.000081 2
0.000101 93
0.000076 2
0.000134 95
0.000150 2
0.000115 93
0.000077 2
0.000320 99
0.000084 2
0.000097 89
0.000075 2
0.000175 99
0.000081 2
0.000095 89
0.000075 2
0.000146 143
0.000086 2
0.000100 99
0.000077 2
0.000138 140
0.000114 2
0.000109 96
0.000076 2
0.000140 139
0.000084 2
0.000220 95
0.000098 2
0.000154 139
0.000133 2
0.000112 95
0.000093 2
0.000151 137
0.000393 2
0.000257 93
0.000103 2
0.000164 93
0.000096 2
0.000111 92
0.000093 2
0.000128 95
0.000093 2
0.000224 93
0.000125 2
0.000117 92
0.000094 2
0.001610 95
0.000022 2
0.000105 95
0.000018 2
0.000048 94
0.000018 2
0.000058 97
0.000018 2
0.000091 141
0.000018 2
0.000048 97
0.000018 2
0.000086 139
0.000017 2
0.000051 95
0.000018 2
0.000084 99
0.000018 2
0.000050 98
0.000017 2
0.000094 101
0.000020 2
0.000095 140
0.000018 2
0.000048 96
0.000017 2
0.000088 137
0.000018 2
0.000047 93
0.002361 2
0.000148 139
0.000052 2
0.000068 95
0.000018 2
0.000092 137
0.000018 2
0.000054 93
0.000017 2
0.000085 138
0.000018 2
0.000047 94
0.000017 2
0.000091 94
0.000017 2
0.000085 140
0.000018 2
0.000046 96
0.000018 2
0.000084 142
0.000017 2
0.000053 98
0.000018 2
0.000128 140
0.000020 2
0.000052 96
0.000017 2
0.000089 137
0.000017 2
0.000051 93
0.000018 2
0.000085 136
0.000018 2
0.000046 92
0.000017 2
0.000081 99
0.000018 2
0.000045 89
0.000017 2
0.000081 106
0.000017 2
0.000060 96
0.000019 2
0.000084 103
0.000019 2
0.000110 93
0.000021 2
0.000097 103
0.000018 2
0.000051 93
0.000017 2
0.000136 100
0.000017 2
0.000046 90
0.000017 2
0.000083 102
0.000018 2
0.000046 92
0.000017 2
0.000180 98
0.000018 2
0.000046 88
0.000017 2
0.000123 104
0.000019 2
0.000053 94
0.000018 2
0.000181 103
0.000018 2
0.000046 93
0.000017 2
0.000162 126
0.000302 2
0.000063 107
0.001116 2
0.000210 110
0.000280 2
0.000102 100
0.000031 2
0.000191 120
0.001759 2
0.000112 109
0.000019 2
0.000053 112
0.000017 2
0.000194 109
0.000023 2
0.000077 111
0.000018 2
0.000050 109
0.000017 2
0.000052 108
0.000018 2
0.000114 108
0.000018 2
0.000047 98
0.000018 2
0.000092 115
0.000018 2
0.000048 105
0.000018 2
0.000087 87
0.000018 2
0.000056 86
0.000017 2
0.000129 93
0.000020 2
0.000066 89
0.000017 2
0.000092 100
0.000018 2
0.000046 90
0.000017 2
0.000322 99
0.000039 2
0.000081 89
0.000032 2
0.000333 100
0.000072 2
0.000300 90
0.000023 2
0.001130 99
0.000044 2
0.000078 89
0.000021 2
0.000285 102
0.000024 2
0.000060 92
0.000181 2
0.000120 103
0.000021 2
0.000055 93
0.000117 2
0.000217 90
0.000100 2
0.000115 94
0.000092 2
0.000070 90
0.000087 2
0.000072 89
0.000087 2
0.000070 96
0.000090 2
0.000070 87
0.000087 2
0.000118 102
0.000081 2
0.000082 92
0.000089 2
0.000120 99
0.000091 2
0.000118 89
0.000131 2
0.000107 98
0.000114 2
0.000062 88
0.000076 2
0.000104 99
0.000078 2
0.000099 104
0.000080 2
0.000060 94
0.000075 2
0.000133 100
0.000099 2
0.000161 90
0.000021 2
0.000090 98
0.000115 2
0.000065 88
0.000077 2
0.000268 104
0.000080 2
0.000102 94
0.000114 2
0.000285 103
0.000083 2
0.000098 93
0.000076 2
0.000144 92
0.000077 2
0.000162 87
0.000081 2
0.000109 85
0.000075 2
0.000100 100
0.000080 2
0.000096 90
0.000075 2
0.000136 103
0.000078 2
0.000097 93
0.000111 2
0.000142 106
0.000080 2
0.000097 96
0.000119 2
0.000113 90
0.000078 2
0.000334 99
0.000081 2
0.000099 89
0.000075 2
0.000136 87
0.000206 2
0.000144 87
0.000081 2
0.000063 99
0.000111 2
0.000064 89
0.000075 2
0.000104 100
0.000079 2
0.000059 90
0.000075 2
0.000103 94
0.000077 2
0.000097 94
0.000075 2
0.000059 96
0.000200 2
0.000108 91
0.000028 2
0.000097 106
0.000126 2
0.000067 96
0.000017 2
0.000121 88
0.000116 2
0.000144 88
0.000085 2
0.000063 90
0.000077 2
0.000061 85
0.000075 2
0.000062 100
0.000077 2
0.000061 90
0.000075 2
0.000106 97
0.000078 2
0.000070 92
0.000124 2
0.002350 102
0.000088 2
0.000125 108
0.000142 2
0.000139 98
0.000185 2
0.000599 100
0.000136 2
0.000485 92
0.000107 2
0.000274 87
0.000085 2
0.000175 96
0.000112 2
0.000210 95
0.000079 2
0.000095 94
0.000076 2
0.000096 94
0.000077 2
0.000106 90
0.000112 2
0.000149 96
0.000081 2
0.000140 95
0.000078 2
0.000095 97
0.000077 2
0.000105 90
0.000078 2
0.000172 97
0.000080 2
0.000107 93
0.000076 2
0.000145 86
0.000076 2
0.000139 85
0.000076 2
0.000094 85
0.000075 2
0.000128 92
0.000078 2
0.000095 90
0.000076 2
0.000096 96
0.000161 2
0.000113 86
0.000075 2
0.000162 96
0.000150 2
0.000115 94
0.000078 2
0.000095 106
0.000078 2
0.000096 99
0.000080 2
0.000100 100
0.000077 2
0.000095 98
0.000113 2
0.000129 102
0.000083 2
0.000103 103
0.000077 2
0.000099 104
0.000077 2
0.000099 104
0.000077 2
0.000097 105
0.000107 2
0.000107 101
0.000080 2
0.000099 100
0.000076 2
0.000099 103
0.000077 2
0.000097 96
0.000076 2
0.000150 86
0.000104 2
0.000108 86
0.000075 2
0.000096 85
0.000075 2
0.000095 86
0.000167 2
0.000129 88
0.000076 2
0.000271 100
0.000082 2
0.000101 97
0.000077 2
0.000183 108
0.000080 2
0.000096 105
0.000080 2
0.000162 97
0.000113 2
0.000101 94
0.000076 2
0.000162 100
0.000080 2
0.000096 93
0.000076 2
0.000100 102
0.000077 2
0.000129 98
0.000080 2
0.000102 98
0.000077 2
0.000099 95
0.000079 2
0.000097 95
0.000077 2
0.000097 91
0.000075 2
0.000102 88
0.000110 2
0.000102 94
0.000076 2
0.000098 94
0.000075 2
0.000370 88
0.000083 2
0.000285 103
0.000083 2
0.000096 93
0.000078 2
0.000629 94
0.000081 2
0.000096 91
0.000076 2
0.000895 93
0.000082 2
0.000098 95
0.000077 2
0.000157 91
0.000117 2
0.000406 93
0.000091 2
0.000797 96
0.000104 2
0.000114 82
0.000092 2
0.000110 86
0.000092 2
0.000110 88
0.000093 2
0.000113 85
0.000137 2
0.000111 83
0.000092 2
0.000111 98
0.000093 2
0.000109 88
0.000092 2
0.000157 103
0.000135 2
0.000124 108
0.000095 2
0.000109 107
0.000095 2
0.000110 108
0.000094 2
0.000241 102
0.003575 2
0.000117 98
0.000019 2
0.000060 99
0.000017 2
0.000102 95
0.000019 2
0.000047 95
0.000018 2
0.000112 94
0.000019 2
0.000046 92
0.000018 2
0.000062 90
0.000017 2
0.000053 94
0.000017 2
0.000049 104
0.000017 2
0.000087 91
0.000018 2
0.000046 83
0.000017 2
0.000049 96
0.000018 2
0.000045 86
0.000018 2
0.000090 99
0.000018 2
0.000046 94
0.000018 2
0.000161 94
0.000020 2
0.000057 94
0.001039 2
0.000178 95
0.000370 2
0.000075 90
0.000019 2
0.000061 91
0.000019 2
0.000126 99
0.000567 2
0.000097 96
0.000018 2
0.000052 95
0.000017 2
0.000110 97
0.000056 2
0.000059 109
0.000018 2
0.000062 99
0.000018 2
0.000091 96
0.000018 2
0.000047 93
0.000017 2
0.000086 96
0.000018 2
0.000064 92
0.000239 2
0.000105 105
0.000018 2
0.000049 101
0.000018 2
0.000442 97
0.000082 2
0.000099 94
0.000078 2
0.000156 89
0.000080 2
0.000124 88
0.000078 2
0.000098 88
0.000078 2
0.000097 95
0.000078 2
0.000104 125
0.000082 2
0.000101 127
0.000084 2
0.000063 117
0.000108 2
0.000065 113
0.000115 2
0.000069 123
0.000018 2
0.000054 101
0.000104 2
0.000063 123
0.000018 2
0.000049 91
0.000102 2
0.000061 121
0.000018 2
0.000048 119
0.000104 2
0.000097 93
0.000081 2
0.000062 125
0.000084 2
0.000061 121
0.000018 2
0.000048 115
0.000104 2
0.000062 127
0.000017 2
0.000154 119
0.000034 2
0.000296 131
0.000113 2
0.000085 119
0.000167 2
0.000505 137
0.000102 2
0.000109 117
0.000082 2
0.000500 92
0.000085 2
0.000180 90
0.000081 2
0.000274 96
0.000083 2
0.000099 86
0.000077 2
0.000140 84
0.000079 2
0.000208 92
0.000086 2
0.000102 84
0.000077 2
0.000143 83
0.000079 2
0.000099 86
0.000081 2
0.000098 81
0.000077 2
0.000110 86
0.000077 2
0.000275 85
0.000119 2
0.000155 104
0.000081 2
0.000101 94
0.000078 2
0.000148 139
0.000087 2
0.000102 93
0.000080 2
0.000221 92
0.000082 2
0.000099 89
0.000077 2
0.000135 100
0.000083 2
0.000099 106
0.000079 2
0.000102 96
0.000108 2
0.000148 102
0.000081 2
0.000098 100
0.000078 2
0.000101 99
0.000078 2
0.000137 111
0.000082 2
0.000106 103
0.000121 2
0.000103 99
0.000079 2
0.000099 101
0.000079 2
0.000098 99
0.000079 2
0.000098 101
0.000182 2
0.000104 99
0.000092 2
0.000065 104
0.000080 2
0.000062 104
0.000017 2
0.000129 105
0.000021 2
0.000098 98
0.000099 2
0.000097 89
0.000080 2
0.000060 92
0.000135 2
0.000065 94
0.000019 2
0.000047 88
0.000018 2
0.000053 136
0.000121 2
0.000061 88
0.000018 2
0.001003 100
0.000086 2
0.000099 100
0.000079 2
0.000099 99
0.000118 2
0.000120 102
0.000079 2
0.000201 89
0.000082 2
0.000112 99
0.000080 2
0.000100 89
0.000191 2
0.000155 104
0.000083 2
0.000098 94
0.000082 2
0.000136 89
0.000079 2
0.000097 101
0.000080 2
0.000097 91
0.000149 2
0.000149 93
0.000081 2
0.000112 91
0.000079 2
0.000113 89
0.000080 2
0.000145 135
0.000086 2
0.000142 90
0.000080 2
0.000136 89
0.000080 2
0.000098 91
0.000080 2
0.000099 101
0.000079 2
0.000098 91
0.000077 2
0.000166 106
0.000083 2
0.000097 96
0.000077 2
0.000136 91
0.000081 2
0.000103 86
0.000077 2
0.000099 101
0.000180 2
0.000122 91
0.000079 2
0.000212 105
0.000120 2
0.000110 97
0.000080 2
0.000100 107
0.000164 2
0.000154 110
0.000108 2
0.000135 100
0.000109 2
0.000221 110
0.000121 2
0.000604 88
0.000117 2
0.000127 84
0.000080 2
0.000102 85
0.000108 2
0.000101 97
0.000078 2
0.000102 87
0.000077 2
0.000157 117
0.000086 2
0.000098 90
0.000078 2
0.000176 131
0.000188 2
0.000131 115
0.000021 2
0.000051 90
0.000098 2
0.000065 141
0.000086 2
0.000063 91
0.000018 2
0.000123 89
0.000021 2
0.000098 92
0.000098 2
0.000063 91
0.000078 2
0.000062 101
0.000079 2
0.000069 89
0.000077 2
0.000063 88
0.000077 2
0.000111 94
0.000079 2
0.000127 93
0.000081 2
0.000099 92
0.000078 2
0.000060 100
0.000079 2
0.000059 95
0.000079 2
0.000060 91
0.000077 2
0.000059 99
0.000079 2
0.000060 93
0.000017 2
0.000157 101
0.000021 2
0.000169 98
0.000100 2
0.000100 93
0.000078 2
0.000110 97
0.000078 2
0.000100 100
0.000106 2
0.000564 89
0.000089 2
0.000228 92
0.000106 2
0.000107 97
0.000078 2
0.000202 113
0.000085 2
0.000101 115
0.000081 2
0.000103 116
0.000081 2
0.000156 117
0.000096 2
0.000106 122
0.000084 2
0.000099 114
0.000082 2
0.000105 115
0.000084 2
0.000105 114
0.000081 2
0.000127 116
0.000084 2
0.000107 134
0.000085 2
0.000103 114
0.000082 2
0.000102 116
0.000082 2
0.000109 111
0.000081 2
0.000139 106
0.000088 2
0.000105 122
0.000082 2
0.000158 120
0.000171 2
0.000108 120
0.000082 2
0.000110 115
0.000113 2
0.000069 112
0.000081 2
0.000065 112
0.000081 2
0.000191 117
0.000085 2
0.000102 117
0.000082 2
0.000099 117
0.000113 2
0.000063 115
0.000018 2
0.000051 121
0.000103 2
0.000063 119
0.000082 2
0.000062 116
0.000018 2
0.000050 120
0.000104 2
0.000063 119
0.000018 2
0.000049 118
0.000103 2
0.000103 117
0.000084 2
0.000065 112
0.000081 2
0.000064 113
0.000082 2
0.000065 114
0.000081 2
0.000063 114
0.000082 2
0.000064 113
0.000081 2
0.000065 116
0.000130 2
0.000107 113
0.000020 2
0.000057 113
0.000107 2
0.000066 113
0.000082 2
0.000065 113
0.000018 2
0.000219 115
0.000020 2
0.000057 116
0.000017 2
0.000074 113
0.000169 2
0.000071 121
0.000187 2
0.000306 113
0.000283 2
0.000091 134
0.000018 2
0.000061 114
0.000018 2
0.000055 116
0.000017 2
0.000054 116
0.000178 2
0.000070 121
0.000018 2
0.000055 113
0.000018 2
0.000077 107
0.000145 2
0.000164 103
0.000100 2
0.000063 104
0.000017 2
0.000049 108
0.001262 2
0.000071 106
0.000018 2
0.000050 112
0.000017 2
0.000052 122
0.000017 2
0.000049 107
0.000018 2
0.000101 98
0.000020 2
0.000050 98
0.000017 2
0.000090 93
0.000020 2
0.000059 93
0.000035 2
0.000050 95
0.000017 2
0.000055 100
0.000018 2
0.000056 92
0.000018 2
0.000046 91
0.000017 2
0.000048 87
0.000017 2
0.000047 82
0.000017 2
0.000046 97
0.000017 2
0.000047 87
0.000017 2
0.000054 91
0.000051 2
0.000103 90
0.000018 2
0.000185 100
0.000018 2
0.000087 135
0.000018 2
0.000046 88
0.000018 2
0.000384 103
0.001739 2
0.000091 110
0.000018 2
0.000050 100
0.000017 2
0.000132 93
0.000024 2
0.000102 92
0.000049 2
0.000058 90
0.000017 2
0.000056 88
0.000017 2
0.000090 106
0.000017 2
0.000088 89
0.000018 2
0.000046 102
0.000018 2
0.000049 92
0.000017 2
0.000085 85
0.000017 2
0.000046 92
0.000017 2
0.000049 85
0.000018 2
0.000099 84
0.000033 2
0.000063 97
0.000017 2
0.000066 87
0.000018 2
0.000226 89
0.000018 2
0.000087 90
0.000018 2
0.000054 134
0.000017 2
0.000048 90
0.000017 2
0.000320 87
0.001010 2
0.000079 90
0.000018 2
0.000048 90
0.000017 2
0.000057 86
0.000018 2
0.000102 91
0.000018 2
0.000083 103
0.000018 2
0.000057 99
0.000017 2
0.000198 107
0.000020 2
0.000047 106
0.000018 2
0.000075 103
0.000023 2
0.000094 90
0.000017 2
0.000047 97
0.000017 2
0.000045 87
0.000017 2
0.000087 104
0.000018 2
0.000087 95
0.000935 2
0.000144 95
0.000169 2
0.000076 107
0.000023 2
0.000321 97
0.001679 2
0.000199 91
0.000021 2
0.000049 91
0.000017 2
0.000050 103
0.000017 2
0.000047 93
0.000018 2
0.000486 87
0.000019 2
0.000058 85
0.000017 2
0.000404 110
0.000021 2
0.000051 100
0.000019 2
0.000115 91
0.000034 2
0.000329 113
0.000457 2
0.000103 110
0.000017 2
0.000155 99
0.000131 2
0.000082 98
0.000084 2
0.000430 99
0.000085 2
0.000102 96
0.000079 2
0.000099 103
0.000206 2
0.000422 82
0.000082 2
0.000101 90
0.000079 2
0.000098 86
0.000077 2
0.000147 92
0.000083 2
0.000103 87
0.000078 2
0.000099 94
0.000081 2
0.000100 91
0.000077 2
0.000098 92
0.000078 2
0.000099 87
0.000110 2
0.000102 85
0.000078 2
0.000100 88
0.000077 2
0.000062 91
0.000078 2
0.000061 87
0.000078 2
0.000062 88
0.000078 2
0.000065 84
0.000110 2
0.000082 85
0.000018 2
0.000050 88
0.000096 2
0.000109 92
0.000081 2
0.000097 95
0.000078 2
0.000059 98
0.000079 2
0.000060 95
0.000078 2
0.000225 96
0.000082 2
0.000100 96
0.000079 2
0.000067 97
0.000079 2
0.000060 89
0.000077 2
0.000131 101
0.000082 2
0.000135 101
0.000079 2
0.000061 106
0.000080 2
0.000103 108
0.000081 2
0.000061 112
0.000081 2
0.000068 110
0.000080 2
0.000066 108
0.000080 2
0.000100 109
0.000083 2
0.000062 107
0.000080 2
0.000068 108
0.000080 2
0.000065 108
0.000081 2
0.000062 108
0.000080 2
0.000062 108
0.000080 2
0.000062 97
0.000113 2
0.000065 97
0.000018 2
0.000050 96
0.000097 2
0.000064 98
0.000017 2
0.000055 100
0.000097 2
0.000064 99
0.000079 2
0.000077 106
0.000082 2
0.000065 103
0.000110 2
0.000072 103
0.000082 2
0.000079 104
0.000080 2
0.000070 101
0.000079 2
0.000166 99
0.000082 2
0.000108 90
0.000080 2
0.000132 89
0.000084 2
0.000104 88
0.000078 2
0.000073 92
0.000078 2
0.000112 115
0.000083 2
0.000100 115
0.000082 2
0.000067 119
0.000139 2
0.000065 113
0.000082 2
0.000062 115
0.000081 2
0.000063 139
0.000084 2
0.000061 89
0.000017 2
0.000051 145
0.000104 2
0.000102 104
0.000083 2
0.000158 102
0.000084 2
0.000313 106
0.000081 2
0.000238 115
0.000085 2
0.000160 103
0.000083 2
0.000158 103
0.000081 2
0.004276 102
0.000183 2
0.000153 103
0.000083 2
0.000107 102
0.000081 2
0.000111 105
0.000083 2
0.000099 109
0.000081 2
0.000188 116
0.000084 2
0.000109 116
0.000081 2
0.000098 110
0.000084 2
0.000153 102
0.000081 2
0.000099 101
0.000079 2
0.000137 108
0.000085 2
0.000100 110
0.000081 2
0.000103 111
0.000081 2
0.000100 99
0.000082 2
0.000117 106
0.000815 2
0.000163 104
0.000084 2
0.000190 114
0.000084 2
0.000099 116
0.000085 2
0.000100 108
0.000081 2
0.000105 110
0.000082 2
0.000101 119
0.000085 2
0.000141 119
0.000021 2
0.000055 119
0.000104 2
0.000064 119
0.000017 2
0.000051 117
0.000103 2
0.000063 119
0.000083 2
0.000108 122
0.002001 2
0.000105 116
0.000137 2
0.000074 124
0.000017 2
0.000058 125
0.000109 2
0.000063 125
0.000017 2
0.000155 118
0.000110 2
0.000101 116
0.000082 2
0.000060 113
0.000123 2
0.000064 116
0.000017 2
0.000050 116
0.000102 2
0.000062 119
0.000017 2
0.000130 116
0.000036 2
0.000056 116
0.000103 2
0.000108 118
0.000084 2
0.000116 113
0.000089 2
0.000063 121
0.000082 2
0.000143 114
0.000083 2
0.000102 121
0.000084 2
0.000101 118
0.000080 2
0.000132 125
0.000085 2
0.000101 129
0.000081 2
0.000096 126
0.000080 2
0.000272 105
0.000082 2
0.000096 107
0.000120 2
0.000099 108
0.000079 2
0.000060 107
0.000079 2
0.000212 96
0.003144 2
0.000258 101
0.000106 2
0.000164 104
0.000097 2
0.000167 101
0.000097 2
0.000185 102
0.000150 2
0.000303 92
0.000096 2
0.000112 88
0.000093 2
0.000110 98
0.000094 2
0.000140 88
0.000094 2
0.000150 98
0.000095 2
0.000113 104
0.000094 2
0.000111 94
0.001117 2
0.000145 106
0.000024 2
0.000596 97
0.000021 2
0.000048 87
0.000018 2
0.000158 89
0.000018 2
0.000242 109
0.000020 2
0.000048 99
0.000159 2
0.000101 107
0.001421 2
0.000120 97
0.000020 2
0.000151 105
0.000021 2
0.000064 95
0.000018 2
0.000089 101
0.000017 2
0.000049 107
0.000017 2
0.000051 97
0.000017 2
0.000134 102
0.000017 2
0.000047 107
0.000018 2
0.000184 97
0.000021 2
0.000097 105
0.004059 2
0.000152 95
0.000019 2
0.000111 102
0.000018 2
0.000055 102
0.000017 2
0.000093 108
0.000024 2
0.000060 98
0.000017 2
0.000126 106
0.000025 2
0.000056 105
0.000018 2
0.000062 107
0.000019 2
0.000049 107
0.000017 2
0.000049 107
0.001276 2
0.000076 107
0.000018 2
0.000050 107
0.000017 2
0.000049 107
0.000017 2
0.000054 107
0.000017 2
0.000051 107
0.000052 2
0.000061 108
0.000017 2
0.000109 105
0.000018 2
0.000082 112
0.000018 2
0.000047 102
0.000017 2
0.000097 108
0.000018 2
0.000049 91
0.000017 2
0.000050 89
0.000018 2
0.000051 104
0.000032 2
0.000086 94
0.000166 2
0.000172 101
0.000018 2
0.000089 92
0.000018 2
0.000076 91
0.000019 2
0.000054 104
0.000017 2
0.000161 94
0.000020 2
0.000094 107
0.001227 2
0.002452 105
0.000026 2
0.000062 95
0.000018 2
0.000089 106
0.000018 2
0.000048 96
0.000017 2
0.000119 104
0.000020 2
0.000059 101
0.000018 2
0.000094 101
0.000018 2
0.000080 99
0.000017 2
0.000044 109
0.000017 2
0.000042 102
0.000018 2
0.000084 110
0.000277 2
0.000057 105
0.000017 2
0.000044 114
0.000064 2
0.000066 109
0.000018 2
0.000045 116
0.000017 2
0.000043 116
0.000017 2
0.000058 106
0.000019 2
0.000045 104
0.000017 2
0.000043 106
0.000230 2
0.000056 106
0.000017 2
0.000099 95
0.000018 2
0.000042 105
0.000018 2
0.000140 98
0.000141 2
0.000071 94
0.000078 2
0.000100 90
0.001170 2
0.000255 109
0.000119 2
0.000098 109
0.000079 2
0.000092 102
0.000078 2
0.000061 106
0.000079 2
0.000055 100
0.000078 2
0.000056 120
0.000079 2
0.000055 106
0.000018 2
0.000042 102
0.000129 2
0.000057 108
0.000018 2
0.000042 102
0.000017 2
0.000043 113
0.000118 2
0.000055 102
0.000018 2
0.000099 98
0.000098 2
0.000077 98
0.000078 2
0.000104 104
0.000134 2
0.000110 94
0.000079 2
0.000201 98
0.001211 2
0.000168 94
0.000082 2
0.000125 103
0.000080 2
0.000098 93
0.000076 2
0.000177 101
0.000081 2
0.000156 107
0.000080 2
0.000097 103
0.000155 2
0.000112 112
0.000080 2
0.000097 102
0.000078 2
0.000108 106
0.000079 2
0.000102 114
0.000079 2
0.000096 108
0.000128 2
0.000108 115
0.000082 2
0.000081 114
0.000082 2
0.000061 107
0.000079 2
0.000062 117
0.000017 2
0.000126 112
0.000878 2
0.000082 111
0.000385 2
0.000211 110
0.000387 2
0.000379 110
0.000292 2
0.000082 127
0.000018 2
0.000051 113
0.000112 2
0.000063 118
0.000018 2
0.000050 117
0.000136 2
0.000083 108
0.001646 2
0.000104 113
0.000162 2
0.000072 118
0.000018 2
0.000054 108
0.000109 2
0.000063 116
0.000018 2
0.000052 119
0.000104 2
0.000074 114
0.000017 2
0.000110 108
0.000103 2
0.000097 98
0.000114 2
0.000493 98
0.000087 2
0.000151 137
0.000085 2
0.000129 93
0.000079 2
0.000140 98
0.000082 2
0.000094 108
0.000078 2
0.000091 102
0.000077 2
0.000136 101
0.000081 2
0.000142 97
0.000079 2
0.000135 105
0.000081 2
0.000098 114
0.000081 2
0.000205 104
0.000021 2
0.004184 103
0.000137 2
0.000125 109
0.000080 2
0.000099 99
0.000080 2
0.000155 102
0.000080 2
0.000096 108
0.000118 2
0.000100 98
0.000076 2
0.000153 100
0.000081 2
0.000098 107
0.000079 2
0.000096 97
0.000078 2
0.000109 97
0.000112 2
0.000170 96
0.000081 2
0.000174 103
0.000082 2
0.000098 114
0.000079 2
0.000185 110
0.000112 2
0.000115 100
0.000077 2
0.000132 102
0.000079 2
0.000092 112
0.000079 2
0.000177 93
0.000210 2
0.000269 108
0.000085 2
0.000099 98
0.000077 2
0.000135 103
0.000082 2
0.000098 103
0.000212 2
0.000146 109
0.000087 2
0.000117 99
0.000089 2
0.000272 115
0.000647 2
0.000179 105
0.000069 2
0.000367 98
0.000089 2
0.000106 108
0.000079 2
0.000097 98
0.000079 2
0.000196 113
0.000082 2
0.000236 103
0.000085 2
0.000138 110
0.000081 2
0.000097 100
0.000483 2
0.000256 107
0.000087 2
0.000107 106
0.000078 2
0.000101 104
0.000078 2
0.000158 107
0.000120 2
0.000099 97
0.000080 2
0.000147 96
0.000077 2
0.000140 137
0.000084 2
0.000092 93
0.000080 2
0.000442 104
0.000082 2
0.000192 115
0.000084 2
0.000099 101
0.000077 2
0.000139 107
0.000103 2
0.000124 97
0.000079 2
0.000139 106
0.000200 2
0.000115 96
0.000094 2
0.000217 111
0.001259 2
0.000079 110
0.003009 2
0.000110 117
0.000018 2
0.000053 111
0.000018 2
0.000112 102
0.000019 2
0.000149 117
0.000020 2
0.000051 114
0.000017 2
0.000052 121
0.000018 2
0.000048 115
0.000018 2
0.000111 109
0.000018 2
0.000049 111
0.000017 2
0.000050 111
0.000017 2
0.000049 111
0.000017 2
0.000050 124
0.000017 2
0.000048 108
0.000018 2
0.000049 109
0.000017 2
0.000049 116
0.000018 2
0.000048 109
0.000068 2
0.000068 108
0.000017 2
0.000052 112
0.000017 2
0.000054 114
0.000017 2
0.000054 110
0.000017 2
0.000050 113
0.000017 2
0.000056 105
0.000018 2
0.000049 105
0.000017 2
0.000048 102
0.000018 2
0.000048 109
0.000017 2
0.000048 103
0.000017 2
0.000049 103
0.000017 2
0.000050 106
0.000018 2
0.000049 103
0.000017 2
0.000156 91
0.000021 2
0.000051 90
0.000017 2
0.000052 88
0.000017 2
0.000063 103
0.000019 2
0.000052 93
0.000018 2
0.000193 97
0.000020 2
0.000055 94
0.000018 2
0.000147 91
0.000020 2
0.000197 121
0.000020 2
0.000052 116
0.000017 2
0.000094 120
0.000017 2
0.000049 119
0.000017 2
0.000090 104
0.000018 2
0.000047 94
0.000018 2
0.000150 91
0.000017 2
0.000118 99
0.000017 2
0.000091 145
0.000017 2
0.000421 100
0.001335 2
0.001366 86
0.000040 2
0.000112 99
0.000026 2
0.000088 89
0.000019 2
0.000697 121
0.000921 2
0.000074 111
0.000020 2
0.000203 119
0.000018 2
0.000049 109
0.000018 2
0.000143 178
0.000166 2
0.000068 108
0.000018 2
0.000221 125
0.000108 2
0.000100 115
0.000079 2
0.000748 88
0.000083 2
0.000098 90
0.000075 2
0.000096 85
0.000075 2
0.000102 139
0.000084 2
0.000098 90
0.000112 2
0.000328 117
0.000084 2
0.000098 107
0.000081 2
0.000317 88
0.000111 2
0.000098 93
0.000076 2
0.000096 91
0.000075 2
0.000099 98
0.000078 2
0.000095 88
0.000075 2
0.000158 162
0.000125 2
0.000133 106
0.000083 2
0.000135 112
0.000082 2
0.000096 102
0.000196 2
0.000226 94
0.000081 2
0.000102 99
0.000078 2
0.000097 89
0.000076 2
0.000136 99
0.000078 2
0.000100 104
0.000078 2
0.000131 94
0.000079 2
0.000146 97
0.000078 2
0.000097 102
0.000078 2
0.000132 92
0.000077 2
0.000096 99
0.000077 2
0.000143 95
0.000080 2
0.000145 109
0.000086 2
0.000095 98
0.000076 2
0.000104 106
0.000078 2
0.000096 109
0.000081 2
0.000126 106
0.000080 2
0.000097 108
0.000079 2
0.000096 111
0.000079 2
0.000190 92
0.000174 2
0.000127 91
0.000083 2
0.000114 87
0.000077 2
0.000142 107
0.000080 2
0.000096 98
0.000076 2
0.000139 87
0.000077 2
0.000126 94
0.000078 2
0.000098 93
0.000078 2
0.000107 89
0.000076 2
0.000168 111
0.000080 2
0.000096 112
0.000079 2
0.000190 113
0.000124 2
0.000359 87
0.000332 2
0.000435 97
0.000117 2
0.000187 87
0.000235 2
0.000216 89
0.000085 2
0.000093 91
0.000076 2
0.000135 100
0.000079 2
0.000144 109
0.000086 2
0.000141 109
0.000099 2
0.000099 104
0.000080 2
0.000093 119
0.000080 2
0.000161 111
0.000080 2
0.000093 113
0.000081 2
0.000134 107
0.000080 2
0.000136 111
0.000080 2
0.000091 113
0.000078 2
0.000129 113
0.000081 2
0.000139 114
0.000080 2
0.000128 114
0.000079 2
0.000090 104
0.000077 2
0.000089 102
0.000076 2
0.000092 117
0.000078 2
0.000094 125
0.000080 2
0.000228 113
0.000079 2
0.000092 108
0.000078 2
0.000091 112
0.000078 2
0.000056 104
0.000080 2
0.000125 100
0.000079 2
0.000157 97
0.000081 2
0.000093 99
0.000076 2
0.000094 110
0.000080 2
0.000404 97
0.000123 2
0.000109 96
0.000078 2
0.000162 90
0.000081 2
0.000111 89
0.000076 2
0.000453 85
0.000079 2
0.000097 91
0.000075 2
0.000099 87
0.000075 2
0.000097 97
0.000076 2
0.000097 87
0.000075 2
0.000216 87
0.000080 2
0.000140 90
0.000079 2
0.000095 88
0.000075 2
0.000096 96
0.000076 2
0.000096 86
0.000075 2
0.000219 99
0.000080 2
0.000107 98
0.000079 2
0.000100 95
0.000080 2
0.000136 83
0.000075 2
0.000096 83
0.000131 2
0.000100 83
0.000075 2
0.000095 82
0.000073 2
0.000094 85
0.000074 2
0.000096 95
0.000075 2
0.000100 85
0.000075 2
0.000175 94
0.000078 2
0.000105 89
0.000075 2
0.000133 99
0.000081 2
0.000100 96
0.000076 2
0.000312 96
0.000080 2
0.000096 98
0.000079 2
0.000333 117
0.000084 2
0.000420 102
0.000082 2
0.000099 115
0.000080 2
0.000101 105
0.000078 2
0.000134 95
0.000078 2
0.000141 95
0.000079 2
0.000143 96
0.000078 2
0.000215 88
0.000080 2
0.000137 103
0.000079 2
0.000177 84
0.000078 2
0.000117 91
0.000129 2
0.000174 84
0.000083 2
0.000099 83
0.000074 2
0.000099 90
0.000175 2
0.000137 95
0.000100 2
0.000131 87
0.000271 2
0.000173 86
0.000439 2
0.000291 103
0.000086 2
0.000146 110
0.000130 2
0.000154 108
0.000081 2
0.000434 83
0.000081 2
0.000095 83
0.000125 2
0.000103 89
0.000076 2
0.000098 85
0.000075 2
0.000095 95
0.000077 2
0.000094 85
0.000074 2
0.000134 89
0.000109 2
0.000112 85
0.000078 2
0.000134 92
0.000078 2
0.000240 91
0.000098 2
0.000279 134
0.000105 2
0.000113 88
0.000093 2
0.000150 94
0.000096 2
0.000108 93
0.000093 2
0.000113 92
0.000149 2
0.000113 99
0.000089 2
0.000103 89
0.000092 2
0.000150 98
0.000094 2
0.000108 102
0.000119 2
0.000118 101
0.000094 2
0.000108 98
0.001074 2
0.000239 135
0.000021 2
0.000045 91
0.000017 2
0.000087 85
0.000018 2
0.000045 92
0.000018 2
0.000083 98
0.000019 2
0.000056 88
0.000017 2
0.000096 90
0.000018 2
0.000082 108
0.000018 2
0.000046 115
0.000017 2
0.000045 105
0.000018 2
0.000083 84
0.000017 2
0.000045 84
0.002575 2
0.000092 83
0.000018 2
0.000050 96
0.000017 2
0.000048 86
0.000130 2
0.000077 86
0.000018 2
0.000120 86
0.000018 2
0.000045 85
0.000017 2
0.000046 83
0.000052 2
0.000059 98
0.000017 2
0.000046 88
0.000017 2
0.000086 92
0.000018 2
0.000046 91
0.000017 2
0.000044 89
0.000017 2
0.000045 104
0.000018 2
0.000045 94
0.000017 2
0.000082 93
0.000018 2
0.000050 90
0.000017 2
0.000081 99
0.000018 2
0.000045 106
0.000017 2
0.000060 105
0.000019 2
0.000087 101
0.000019 2
0.000067 101
0.000017 2
0.000089 132
0.000018 2
0.000090 86
0.000017 2
0.000044 81
0.000018 2
0.000045 96
0.000017 2
0.000049 86
0.000017 2
0.000082 99
0.000018 2
0.000046 89
0.000017 2
0.000080 104
0.000018 2
0.000045 94
0.000017 2
0.000081 104
0.000048 2
0.000063 94
0.000017 2
0.000094 157
0.000018 2
0.000045 107
0.000017 2
0.000087 153
0.000018 2
0.000047 104
0.000017 2
0.000080 92
0.000018 2
0.000057 88
0.000017 2
0.000129 100
0.000018 2
0.000052 103
0.000017 2
0.000080 99
0.000018 2
0.000079 96
0.000019 2
0.000102 96
0.000017 2
0.000080 103
0.000017 2
0.000068 93
0.000202 2
0.000169 108
0.000020 2
0.000050 107
0.001109 2
0.000326 110
0.000315 2
0.000280 108
0.001612 2
0.000204 97
0.000021 2
0.000083 88
0.000018 2
0.000046 85
0.000017 2
0.000087 93
0.000133 2
0.000060 91
0.000017 2
0.000087 114
0.000018 2
0.000046 110
0.000017 2
0.000047 115
0.000017 2
0.000111 127
0.000019 2
0.000051 124
0.000018 2
0.000046 119
0.000017 2
0.000047 119
0.000017 2
0.000046 119
0.000017 2
0.000052 119
0.000017 2
0.000046 119
0.000018 2
0.000092 119
0.000020 2
0.000053 119
0.000017 2
0.000048 119
0.000017 2
0.000048 119
0.000017 2
0.000048 119
0.000017 2
0.000049 119
0.000017 2
0.000048 119
0.000017 2
0.000049 119
0.000018 2
0.000048 119
0.000018 2
0.000048 119
0.000017 2
0.000054 119
0.000017 2
0.000049 119
0.000017 2
0.000049 119
0.000017 2
0.000050 119
0.000017 2
0.000094 119
0.000688 2
0.000069 115
0.000018 2
0.000394 106
0.000021 2
0.000048 104
0.000017 2
0.000045 104
0.000018 2
0.000048 101
0.000018 2
0.000125 82
0.000018 2
0.000044 92
0.000190 2
0.000061 82
0.000018 2
0.000081 97
0.000020 2
0.000064 108
0.000017 2
0.000046 87
0.000247 2
0.000101 97
0.000018 2
0.000048 94
0.000017 2
0.000084 99
0.000018 2
0.000065 98
0.000141 2
0.000108 96
0.000020 2
0.000064 101
0.000112 2
0.000144 86
0.000080 2
0.000099 86
0.000079 2
0.000106 88
0.000080 2
0.000281 101
0.000084 2
0.000097 100
0.000078 2
0.000098 96
0.000081 2
0.000107 96
0.000077 2
0.000136 106
0.000114 2
0.000105 105
0.000080 2
0.000096 101
0.000078 2
0.000101 111
0.000084 2
0.000098 101
0.000078 2
0.000285 89
0.000079 2
0.000138 87
0.000078 2
0.000097 92
0.000077 2
0.000106 89
0.000080 2
0.000147 90
0.000079 2
0.000186 92
0.000081 2
0.000211 100
0.000081 2
0.000096 93
0.000078 2
0.000108 104
0.000079 2
0.000168 92
0.000094 2
0.000101 90
0.000077 2
0.000107 90
0.000077 2
0.000112 97
0.000078 2
0.000105 103
0.000082 2
0.000161 97
0.000086 2
0.000127 96
0.000078 2
0.000097 101
0.000078 2
0.000097 98
0.000081 2
0.000060 106
0.000081 2
0.000236 93
0.000077 2
0.000104 103
0.000120 2
0.000157 102
0.000086 2
0.000064 104
0.000082 2
0.000080 106
0.000470 2
0.000112 98
0.000019 2
0.000053 104
0.000018 2
0.000068 108
0.000020 2
0.000054 98
0.000017 2
0.000050 110
0.000017 2
0.000050 94
0.000018 2
0.000051 105
0.000018 2
0.000113 92
0.000247 2
0.000077 100
0.000018 2
0.000050 89
0.000018 2
0.000050 96
0.000018 2
0.000052 103
0.000018 2
0.000116 113
0.000159 2
0.000061 113
0.000074 2
0.000151 113
0.000024 2
0.000056 113
0.000118 2
0.000070 113
0.000020 2
0.000055 113
0.000119 2
0.000077 113
0.000020 2
0.000146 113
0.000024 2
0.000195 113
0.000124 2
0.000119 113
0.000096 2
0.000116 113
0.000095 2
0.000071 113
0.000119 2
0.000116 113
0.000111 2
0.000086 113
0.000108 2
0.000081 113
0.000023 2
0.000169 113
0.000027 2
0.000066 113
0.000134 2
0.000083 113
0.000024 2
0.000151 113
0.000139 2
0.000136 113
0.000108 2
0.000083 113
0.000107 2
0.000083 113
0.000107 2
0.000119 113
0.000149 2
0.000074 113
0.000084 2
0.000064 115
0.000082 2
0.000168 95
0.000080 2
0.000140 85
0.000081 2
0.000131 89
0.000078 2
0.000109 88
0.000079 2
0.000059 88
0.000168 2
0.000064 86
0.000079 2
0.000292 139
0.000117 2
0.000132 91
0.000102 2
0.000149 98
0.000106 2
0.000179 90
0.000104 2
0.000444 96
0.000108 2
0.000206 98
0.000106 2
0.000244 95
0.000108 2
0.000203 86
0.000103 2
0.000130 82
0.000105 2
0.000127 85
0.000135 2
0.001716 84
0.000101 2
0.000132 86
0.000083 2
0.000102 87
0.000081 2
0.000107 83
0.000080 2
0.000102 82
0.000079 2
0.000102 89
0.000083 2
0.000102 87
0.000151 2
0.000130 87
0.000103 2
0.000129 90
0.000104 2
0.000129 88
0.000103 2
0.000130 89
0.000138 2
0.000134 91
0.000103 2
0.000130 91
0.000223 2
0.000139 88
0.000103 2
0.000186 86
0.000084 2
0.000131 86
0.000114 2
0.000158 85
0.000115 2
0.000161 87
0.000185 2
0.000142 90
0.000090 2
0.000120 90
0.000108 2
0.000663 99
0.000121 2
0.000123 96
0.000084 2
0.000103 97
0.000083 2
0.000102 97
0.000126 2
0.000175 87
0.000083 2
0.000102 89
0.000224 2
0.000115 90
0.000082 2
0.000103 92
0.000147 2
0.000108 95
0.000082 2
0.000103 90
0.000082 2
0.000101 90
0.000081 2
0.000117 88
0.000083 2
0.000144 92
0.000085 2
0.000109 93
0.000082 2
0.000104 93
0.000085 2
0.000104 93
0.000081 2
0.000105 92
0.000083 2
0.000134 91
0.000086 2
0.000107 92
0.000081 2
0.000104 94
0.000082 2
0.000105 94
0.000084 2
0.000104 89
0.000081 2
0.000159 89
0.000091 2
0.000160 102
0.000089 2
0.000103 99
0.000182 2
0.000120 100
0.000102 2
0.000143 100
0.000104 2
0.000234 93
0.000097 2
0.001035 96
0.000020 2
0.000057 89
0.000018 2
0.000096 96
0.000018 2
0.000047 95
0.000017 2
0.000046 101
0.000017 2
0.000047 91
0.000053 2
0.000058 113
0.001644 2
0.000144 84
0.000018 2
0.000083 89
0.000022 2
0.000060 84
0.000018 2
0.000046 83
0.000017 2
0.000045 96
0.000018 2
0.000045 86
0.000017 2
0.000089 95
0.000018 2
0.000052 96
0.000017 2
0.000056 90
0.000017 2
0.000091 90
0.000018 2
0.000128 107
0.000018 2
0.000044 106
0.000018 2
0.000046 100
0.000017 2
0.000138 100
0.000020 2
0.000054 96
0.000017 2
0.000060 96
0.000017 2
0.000086 96
0.000018 2
0.000045 91
0.000017 2
0.000053 87
0.000018 2
0.000098 96
0.000019 2
0.000046 99
0.000018 2
0.000044 96
0.000017 2
0.000095 100
0.000018 2
0.000046 99
0.000017 2
0.000092 100
0.000019 2
0.000050 99
0.000018 2
0.000045 99
0.000017 2
0.000046 102
0.000018 2
0.000044 95
0.000018 2
0.000064 95
0.000017 2
0.000091 109
0.000017 2
0.000061 112
0.001013 2
0.000079 109
0.000018 2
0.000162 110
0.000020 2
0.000050 103
0.000019 2
0.000118 112
0.000020 2
0.000058 108
0.000017 2
0.000047 113
0.000017 2
0.000052 114
0.000017 2
0.000100 82
0.000018 2
0.000046 84
0.000017 2
0.000045 88
0.000017 2
0.000045 83
0.000017 2
0.000078 98
0.000019 2
0.000055 88
0.000017 2
0.000089 93
0.000018 2
0.000046 90
0.000052 2
0.000094 97
0.000018 2
0.000055 92
0.000017 2
0.000089 99
0.001299 2
0.000285 91
0.001313 2
0.000195 95
0.000019 2
0.000110 99
0.000018 2
0.000081 97
0.000018 2
0.000044 87
0.000018 2
0.000081 100
0.000018 2
0.000046 90
0.000017 2
0.000132 84
0.000020 2
0.000048 97
0.000018 2
0.000046 87
0.000017 2
0.000104 96
0.000019 2
0.000083 98
0.000018 2
0.000059 100
0.000017 2
0.000082 102
0.000018 2
0.000054 104
0.000976 2
0.000157 95
0.000018 2
0.000127 96
0.000048 2
0.000063 89
0.000017 2
0.000046 88
0.000018 2
0.000051 86
0.000018 2
0.000047 101
0.000017 2
0.000047 91
0.000018 2
0.000089 96
0.000018 2
0.000046 93
0.000017 2
0.000087 106
0.000018 2
0.000046 107
0.000017 2
0.000047 107
0.000017 2
0.000047 111
0.000017 2
0.000192 102
0.000021 2
0.000062 109
0.000017 2
0.000050 112
0.000017 2
0.000052 112
0.000018 2
0.000047 102
0.000017 2
0.000092 110
0.000018 2
0.000046 110
0.000511 2
0.000066 114
0.000018 2
0.000046 105
0.000017 2
0.000048 112
0.000018 2
0.000048 115
0.000017 2
0.000048 115
0.000017 2
0.000047 105
0.000018 2
0.000090 108
0.000018 2
0.000046 98
0.000018 2
0.000083 107
0.000018 2
0.000046 97
0.000018 2
0.000089 94
0.000326 2
0.000135 90
0.000018 2
0.000140 85
0.000018 2
0.000101 95
0.000117 2
0.000072 94
0.000110 2
0.000071 100
0.000018 2
0.000046 90
0.000098 2
0.000130 86
0.000079 2
0.000584 106
0.000084 2
0.000097 96
0.000079 2
0.000160 94
0.000196 2
0.000104 102
0.000080 2
0.000607 99
0.000123 2
0.000117 94
0.000080 2
0.000256 104
0.000085 2
0.000357 106
0.000087 2
0.000190 104
0.000082 2
0.000325 104
0.000084 2
0.000097 103
0.000079 2
0.000227 104
0.000081 2
0.000189 102
0.000120 2
0.000276 117
0.000091 2
0.000237 107
0.000093 2
0.000175 106
0.000084 2
0.000100 96
0.000079 2
0.000181 90
0.000083 2
0.000310 111
0.000152 2
0.000178 111
0.000098 2
0.000114 94
0.000084 2
0.000155 90
0.000133 2
0.000290 109
0.000216 2
0.000533 135
0.000222 2
0.000128 90
0.000079 2
0.000190 107
0.000084 2
0.000144 106
0.000081 2
0.000107 91
0.000235 2
0.000127 95
0.000092 2
0.000168 86
0.000094 2
0.000112 86
0.000091 2
0.000168 85
0.000097 2
0.000250 80
0.000092 2
0.000114 84
0.000091 2
0.000137 85
0.000090 2
0.000204 88
0.000113 2
0.000142 96
0.000081 2
0.000112 93
0.000081 2
0.000139 95
0.000082 2
0.000166 95
0.000082 2
0.000096 89
0.000081 2
0.000103 87
0.000077 2
0.000098 96
0.000080 2
0.000101 86
0.000081 2
0.000265 85
0.000084 2
0.000098 87
0.000080 2
0.000099 97
0.000078 2
0.000098 87
0.000077 2
0.000611 8
0.000120 94
1.851591 1
0.331218 1
0.198226 1
0.250597 1
0.303820 17
