0.040351 8
0.000178 78
1.260083 1
0.065907 1
0.547370 1
0.209292 1
0.154308 1
0.310816 87
0.471470 1
0.074975 1
0.293896 1
1.523235 1
0.155486 1
0.306588 1
0.156089 1
0.680217 4
0.195638 4
0.162699 4
0.144858 4
0.521349 1
0.233763 1
0.425207 4
0.210702 1
0.639787 1
1.069862 1
0.488394 4
0.874106 1
0.247329 1
0.422498 1
0.447076 1
0.323761 1
1.149561 1
1.430294 107
2.315482 1
0.168885 1
0.406391 1
0.330355 1
0.360025 1
0.353803 1
0.997187 1
0.155366 1
0.283517 1
0.154037 1
1.096771 1
2.667961 4
0.169191 4
0.142727 4
0.178569 4
0.171754 4
0.668106 1
0.272091 1
0.183960 1
0.295267 1
0.341132 1
0.432581 11
0.000787 8
0.000063 88
1.050723 1
0.123967 1
0.168298 92
0.000392 8
0.000291 88
3.704561 1
0.134691 1
0.450159 1
0.918815 1
0.411928 1
0.695616 20
0.000226 82
0.000089 2
0.000074 56
0.000075 2
0.000034 52
0.000018 2
0.000026 52
0.000080 2
0.000034 64
0.000018 2
0.000519 8
0.000110 88
6.873474 1
0.223893 1
0.276610 1
0.186421 1
0.304687 1
0.229413 1
0.503015 1
0.198318 1
0.148080 1
0.303376 1
0.881478 1
9.941799 1
0.498300 1
0.032723 1
0.031165 1
0.031431 1
0.033820 1
0.994280 15
0.609206 13
0.349335 13
0.225463 13
0.429276 15
0.852853 15
3.728789 3
0.503957 3
0.030199 3
0.031408 3
0.033151 3
0.031543 3
0.027620 1
0.031123 1
0.030905 1
0.032166 1
0.655975 11
0.169995 8
0.000241 88
2.002444 1
0.135150 1
0.571182 1
0.379548 1
0.292594 1
0.513876 11
0.001688 7
0.000140 2
0.000123 82
0.000088 2
0.000101 56
0.000074 2
0.000033 52
0.000069 2
0.000033 52
0.000018 2
0.000025 64
0.000017 2
0.000520 8
0.000110 88
8.480887 1
0.180366 1
0.879028 1
0.172556 1
0.212013 1
0.292310 1
6.591500 1
0.384779 1
0.535144 1
0.321685 1
1.397733 1
2.418108 11
0.001497 8
0.000138 88
12.798179 1
0.151229 1
0.338174 1
0.203466 1
0.282482 1
0.583908 336
0.000452 8
0.000162 88
8.282965 1
0.342326 1
0.224131 1
0.197631 1
0.519642 17
