0.039951 8
0.000175 78
3.276796 1
0.135117 1
1.173433 1
0.575224 1
0.176928 1
0.528125 87
7.010981 1
1.390313 1
0.444223 1
0.197447 1
0.728650 1
1.697277 1
1.149864 11
0.680889 41
0.000165 2
0.000089 52
0.000069 2
0.000078 32
0.000066 2
0.016812 8
0.000162 68
2.790163 6
0.457694 1
0.366718 3
1.446084 3
0.257387 3
0.259667 3
1.433081 3
0.206248 3
0.351239 3
0.278288 3
0.300697 3
1.161243 3
1.123837 11
0.008525 8
0.000207 68
8.025155 1
0.166822 1
0.932987 1
0.645021 1
0.216853 1
0.182711 1
0.298204 1
0.196283 1
0.356709 1
0.341296 1
0.322009 1
0.726573 1
0.558268 107
2.709144 1
0.178938 1
0.340466 1
0.210846 1
0.218138 1
0.169036 1
0.664009 1
0.180899 1
0.373094 1
0.140548 1
1.099265 4
0.168310 4
0.655532 1
0.245129 1
0.408306 1
0.462986 1
0.484882 1
0.282455 1
0.164376 1
0.352514 1
0.633369 1
0.338691 1
0.319117 1
0.256713 1
0.158023 1
0.289794 1
1.103394 1
0.267795 1
0.434166 1
0.262183 1
0.160856 1
0.319450 1
0.419066 1
0.431723 1
0.515577 1
0.197341 1
0.128115 1
0.670917 1
0.517550 1
0.933927 4
0.194767 1
2.463984 11
0.017127 8
0.000159 88
9.799043 1
1.026312 1
0.284608 1
0.199103 1
0.162699 1
0.295922 1
0.310425 1
0.194413 1
0.155627 1
0.280710 1
0.218923 1
1.093025 11
0.000498 8
0.000157 88
7.347453 1
0.441691 1
0.198507 1
0.334724 1
0.224264 1
0.166913 1
0.681279 1
0.212571 1
0.235667 1
0.240659 1
0.254803 1
0.169347 1
0.277986 1
0.391262 1
0.545642 1
2.477727 1
0.270633 1
0.164959 1
0.274442 1
0.966575 1
0.632362 11
0.017577 8
0.000153 88
9.852056 1
0.541575 1
0.189185 1
1.073323 1
0.210734 1
0.154907 1
0.290509 1
0.320081 1
0.471965 1
0.470994 1
0.232418 1
0.159920 1
0.306901 1
1.110191 1
0.456687 1
0.510998 1
0.295481 1
0.166777 1
0.396927 1
0.322560 1
1.040385 11
0.056098 8
0.000166 88
14.064497 1
0.069383 1
1.382207 1
1.322380 1
0.543258 87
4.675215 1
0.077929 1
0.596331 1
0.459734 1
0.164079 1
0.290668 1
0.225738 1
0.267646 11
0.000457 119
1.492661 7
0.356201 1
0.281019 3
0.243009 1
0.497923 7
0.571872 3
0.509105 93
0.935844 1
0.003024 1
0.751170 1
4.427330 1
0.128348 1
0.393333 1
0.443331 4
0.148522 1
0.306815 1
0.175705 1
0.504894 105
1.178665 1
0.058656 1
0.409514 1
6.140321 1
0.219978 1
0.226839 1
1.060676 113
8.143818 1
0.098987 1
0.446629 11
0.114378 76
0.000130 2
0.000071 65
0.000098 2
0.000071 72
0.000068 2
0.000068 78
0.000068 2
0.000065 71
0.000066 2
0.000066 68
0.000065 2
0.000066 73
0.000067 2
0.000064 68
0.000066 2
0.000065 69
0.000095 2
0.000076 70
0.000067 2
0.000065 65
0.000068 2
0.000065 74
0.000067 2
0.000065 74
0.000114 2
0.000066 74
0.000068 2
0.000065 78
0.000068 2
0.000065 76
0.000174 2
0.000070 81
0.000069 2
0.000064 69
0.000066 2
0.000065 69
0.000066 2
0.000064 68
0.000066 2
0.000065 69
0.000066 2
0.000065 71
0.000066 2
0.000091 66
0.000068 2
0.000065 68
0.000069 2
0.000065 71
0.000067 2
0.000064 69
0.000066 2
0.000065 74
0.000069 2
0.000066 75
0.000067 2
0.000065 64
0.000065 2
0.000088 71
0.000071 2
0.000085 65
0.000069 2
0.000065 66
0.000066 2
0.000064 68
0.000066 2
0.000064 66
0.000065 2
0.000064 65
0.000065 2
0.000065 66
0.000066 2
0.000065 69
0.000112 2
0.000066 72
0.000067 2
0.000064 65
0.000066 2
0.000065 71
0.000066 2
0.000108 66
0.000068 2
0.000065 66
0.000065 2
0.000065 73
0.000066 2
0.000131 67
0.000071 2
0.000065 73
0.000101 2
0.000103 65
0.000098 2
0.000091 70
0.000070 2
0.000065 68
0.000066 2
0.000065 70
0.000067 2
0.000131 77
0.000076 2
0.000067 69
0.000066 2
0.000065 66
0.000065 2
0.000064 70
0.000066 2
0.000065 73
0.000066 2
0.000065 80
0.000067 2
0.000065 69
0.000095 2
0.000037 80
0.000017 2
0.000083 76
0.000021 2
0.000021 76
0.000017 2
0.000023 68
0.000016 2
0.000023 78
0.000017 2
0.000022 72
0.000107 2
0.000029 76
0.000017 2
0.000022 72
0.000017 2
0.000022 72
0.000017 2
0.000022 66
0.000017 2
0.000022 72
0.000017 2
0.000022 77
0.000017 2
0.000022 75
0.000017 2
0.000022 75
0.000017 2
0.000022 72
0.000150 2
0.000029 67
0.000017 2
0.000100 78
0.000021 2
0.000024 68
0.000017 2
0.000023 68
0.000016 2
0.000023 65
0.000018 2
0.000022 71
0.000016 2
0.000023 71
0.000016 2
0.000023 70
0.000016 2
0.000022 66
0.000017 2
0.000022 70
0.000017 2
0.000022 80
0.000017 2
0.000022 69
0.000231 2
0.000056 70
0.000018 2
0.000024 70
0.000018 2
0.000024 75
0.000018 2
0.000037 80
0.000019 2
0.000025 81
0.000096 2
0.000034 71
0.000018 2
0.000024 70
0.000018 2
0.000024 67
0.000018 2
0.000023 70
0.000018 2
0.000023 69
0.000019 2
0.000023 74
0.000019 2
0.000023 77
0.000018 2
0.000024 79
0.000018 2
0.000024 75
0.000018 2
0.000024 75
0.000018 2
0.000023 74
0.000018 2
0.000024 74
0.000018 2
0.000024 71
0.000018 2
0.000023 66
0.000018 2
0.000024 71
0.000266 2
0.000062 73
0.000019 2
0.000024 71
0.000019 2
0.000023 68
0.000018 2
0.000023 76
0.000019 2
0.000023 72
0.000018 2
0.000023 69
0.000018 2
0.000023 65
0.000018 2
0.000024 81
0.000019 2
0.000024 67
0.000018 2
0.000023 69
0.000018 2
0.000024 77
0.000018 2
0.000023 71
0.000019 2
0.000023 75
0.000018 2
0.000024 70
0.000018 2
0.000024 78
0.000018 2
0.000024 77
0.000018 2
0.000023 66
0.000018 2
0.000024 74
0.000018 2
0.000024 70
0.000018 2
0.000023 78
0.000018 2
0.000024 68
0.000018 2
0.000024 70
0.000018 2
0.000024 70
0.000343 2
0.000030 67
0.000018 2
0.000024 70
0.000018 2
0.000025 75
0.000018 2
0.000024 70
0.000018 2
0.000023 69
0.000018 2
0.000023 73
0.000019 2
0.000023 68
0.000018 2
0.000023 69
0.000018 2
0.000024 73
0.000018 2
0.000023 75
0.000018 2
0.000024 72
0.000018 2
0.000023 76
0.000018 2
0.000023 77
0.000018 2
0.000023 68
0.000019 2
0.000023 74
0.000018 2
0.000081 80
0.000021 2
0.000024 70
0.000019 2
0.000023 80
0.000018 2
0.000024 81
0.000018 2
0.000024 77
0.000018 2
0.000023 71
0.000018 2
0.000024 72
0.000018 2
0.000024 68
0.000018 2
0.000024 75
0.000018 2
0.000023 68
0.000018 2
0.000024 69
0.000018 2
0.000057 77
0.000336 2
0.000029 78
0.000019 2
0.000099 82
0.000028 2
0.000028 75
0.000018 2
0.000024 78
0.000018 2
0.000024 78
0.000018 2
0.000023 81
0.000018 2
0.000023 71
0.000018 2
0.000024 72
0.000018 2
0.000024 74
0.000018 2
0.000023 68
0.000018 2
0.000023 78
0.000018 2
0.000024 68
0.000018 2
0.000023 75
0.000018 2
0.000025 70
0.000018 2
0.000023 70
0.000018 2
0.000024 67
0.000018 2
0.000024 70
0.000018 2
0.000023 68
0.000018 2
0.000023 71
0.000019 2
0.000023 65
0.000018 2
0.000023 68
0.000018 2
0.000024 66
0.000018 2
0.000023 70
0.000049 2
0.000031 79
0.000019 2
0.000023 74
0.000018 2
0.000023 76
0.000018 2
0.000023 74
0.000019 2
0.000023 74
0.000018 2
0.000023 74
0.000018 2
0.000024 81
0.000018 2
0.000023 80
0.000019 2
0.000384 77
0.000019 2
0.000024 74
0.000019 2
0.000023 73
0.000018 2
0.000023 82
0.000018 2
0.000024 83
0.000018 2
0.000023 76
0.000049 2
0.000029 78
0.000018 2
0.000024 74
0.000018 2
0.000024 68
0.000018 2
0.000023 73
0.000018 2
0.000023 66
0.000018 2
0.000035 72
0.000020 2
0.000024 72
0.000018 2
0.000024 72
0.000018 2
0.000023 71
0.000018 2
0.000024 66
0.000018 2
0.000023 68
0.000018 2
0.000023 74
0.000018 2
0.000024 77
0.000018 2
0.000023 65
0.000018 2
0.000023 73
0.000018 2
0.000024 73
0.000018 2
0.000024 69
0.000018 2
0.000023 71
0.000018 2
0.000023 74
0.000018 2
0.000024 69
0.000018 2
0.000023 76
0.000018 2
0.000023 70
0.000018 2
0.000073 75
0.000025 2
0.000032 69
0.000025 2
0.000032 67
0.000025 2
0.000033 69
0.000021 2
0.000023 67
0.000018 2
0.000023 67
0.000018 2
0.000024 69
0.000018 2
0.000024 70
0.000475 2
0.000029 67
0.000018 2
0.000024 67
0.000080 2
0.000039 64
0.000019 2
0.000023 71
0.000018 2
0.000023 70
0.000019 2
0.000023 70
0.000018 2
0.000024 72
0.000018 2
0.000023 70
0.000018 2
0.000023 70
0.000027 2
0.000024 69
0.000023 71
0.000024 72
0.000023 69
0.000027 71
0.000023 73
0.000031 72
0.000024 144
0.000023 76
0.000023 71
0.000023 71
0.000023 69
0.000023 72
0.000027 74
0.000023 74
0.000023 74
0.000031 73
0.000024 140
0.000023 68
0.000023 75
0.000025 69
0.000034 69
0.000047 84
0.000092 215
0.000027 297
0.000024 76
0.000024 71
0.000024 69
0.000023 77
0.000023 70
0.000024 70
0.000024 69
0.000023 67
0.000024 72
0.000023 70
0.000556 82
0.000051 78
0.000051 153
0.000016 68
0.000019 2
0.000030 68
0.000023 2
0.000023 78
0.000031 68
0.000024 143
0.000024 77
0.000024 75
0.000024 69
0.000023 76
0.000024 80
0.000023 71
0.000023 72
0.000024 77
0.000023 80
0.000024 79
0.000023 79
0.000024 71
0.000026 71
0.000024 74
0.000024 68
0.000023 71
0.000057 72
0.000024 216
0.000024 83
0.000024 86
0.000024 71
0.000024 82
0.000024 70
0.000023 69
0.000024 75
0.000032 71
0.000032 71
0.000024 141
0.000023 72
0.000024 68
0.000057 66
0.000016 68
0.000019 2
0.000024 72
0.000027 70
0.000039 74
0.000023 71
0.000023 66
0.000024 71
0.000023 69
0.000023 73
0.000024 74
0.000024 75
0.000023 70
0.000024 67
0.000023 71
0.000024 73
0.000059 70
0.000038 73
0.000032 76
0.000721 142
0.000034 2
0.000032 74
0.000024 135
0.000024 72
0.000023 75
0.000024 69
0.000023 71
0.000024 78
0.000203 78
0.000030 747
0.000032 70
0.000023 144
0.000024 72
0.000023 68
0.000025 80
0.000023 82
0.000024 71
0.000023 82
0.000024 68
0.000087 71
0.000018 80
0.000021 2
0.000024 69
0.000028 2
0.000024 69
0.000024 71
0.000024 71
0.000024 73
0.000024 67
0.000024 67
0.000023 77
0.000042 74
0.000036 73
0.000035 73
0.000035 71
0.000034 73
0.000032 73
0.000034 75
0.000032 75
0.000033 73
0.000033 79
0.000033 74
0.000039 71
0.000032 75
0.000033 71
0.000034 72
0.000045 72
0.000034 148
0.000035 74
0.000160 71
0.000027 2
0.000131 68
0.000024 2
0.000026 65
0.000018 2
0.000023 72
0.000735 2
0.000030 69
0.000018 2
0.000023 69
0.000018 2
0.000023 67
0.000019 2
0.000023 66
0.000018 2
0.000025 68
0.000028 2
0.000024 67
0.000023 67
0.000024 66
0.000024 72
0.000024 78
0.000023 73
0.000027 71
0.000024 77
0.000024 78
0.000023 76
0.000024 83
0.000023 67
0.000031 68
0.000024 142
0.000023 67
0.000024 68
0.000023 67
0.000024 70
0.000086 71
0.000138 73
0.000046 343
0.000029 66
0.000024 74
0.000024 68
0.000031 72
0.000024 139
0.000023 68
0.000024 71
0.000023 74
0.000023 68
0.000023 67
0.000023 67
0.000025 68
0.000023 74
0.000024 68
0.000024 70
0.000027 74
0.000096 75
0.000157 83
0.000040 979
0.000024 135
0.000023 68
0.000023 71
0.000023 64
0.000023 64
0.000023 66
0.000023 75
0.000067 84
0.000018 75
0.000019 2
0.000028 76
0.000028 2
0.000024 81
0.000023 72
0.000057 64
0.000029 2
0.000025 70
0.000849 75
0.000035 71
0.000024 70
0.000034 75
0.000044 70
0.000025 224
0.000024 71
0.000023 76
0.000024 69
0.000023 75
0.000028 80
0.000024 80
0.000023 83
0.000024 80
0.000024 85
0.000024 70
0.000031 75
0.000023 151
0.000024 80
0.000023 85
0.000024 73
0.000023 71
0.000024 76
0.000024 72
0.000023 77
0.000024 69
0.000023 74
0.000024 77
0.000023 71
0.000024 67
0.000023 66
0.000023 68
0.000053 64
0.000016 77
0.000019 2
0.000029 69
0.000020 2
0.000024 68
0.000027 75
0.000023 80
0.000024 79
0.000023 72
0.000031 69
0.000024 160
0.000023 67
0.000024 65
0.000023 70
0.000024 68
0.000023 64
0.000023 64
0.000024 72
0.000023 71
0.000023 68
0.000024 67
0.000023 74
0.000023 66
0.000027 67
0.000031 72
0.000044 75
0.000025 238
0.000023 67
0.000024 72
0.000023 69
0.000024 67
0.000023 68
0.000023 69
0.000024 74
0.000023 69
0.000023 78
0.000024 65
0.000028 67
0.000162 79
0.000038 562
0.000023 146
0.000024 78
0.000023 66
0.000024 76
0.000023 64
0.000023 78
0.000024 66
0.000023 70
0.000023 65
0.000024 74
0.000023 79
0.000023 67
0.000037 68
0.000023 145
0.000057 71
0.000028 2
0.000032 64
0.000504 144
0.000043 2
0.000025 144
0.000024 75
0.000023 71
0.000024 68
0.000023 72
0.000023 82
0.000024 75
0.000023 89
0.000024 88
0.000026 82
0.000023 78
0.000034 68
0.000045 74
0.000024 254
0.000023 86
0.000024 78
0.000024 71
0.000023 88
0.000023 78
0.000024 72
0.000023 73
0.000027 74
0.000023 65
0.000023 70
0.000024 67
0.000031 82
0.000024 160
0.000024 89
0.000023 85
0.000023 81
0.000049 81
0.000039 2
0.000024 163
0.000023 88
0.000024 81
0.000024 80
0.000023 82
0.000023 80
0.000023 66
0.000300 66
0.000030 72
0.000024 70
0.000023 87
0.000024 76
0.000023 65
0.000028 77
0.000023 69
0.000023 74
0.000030 71
0.000024 150
0.000023 73
0.000025 75
0.000023 80
0.000024 75
0.000023 73
0.000024 76
0.000023 83
0.000057 80
0.000016 72
0.000020 2
0.000024 77
0.000027 2
0.000032 70
0.000036 87
0.000024 149
0.000024 73
0.000600 74
0.000039 79
0.000025 81
0.000032 77
0.000023 143
0.000059 70
0.000030 71
0.000024 76
0.000024 72
0.000023 86
0.000024 75
0.000023 71
0.000023 75
0.000024 80
0.000023 86
0.000024 76
0.000024 71
0.000023 76
0.000024 75
0.000023 82
0.000024 77
0.000026 76
0.000030 77
0.000024 144
0.000128 81
0.000043 160
0.000024 156
0.000023 73
0.000024 77
0.000023 76
0.000023 77
0.000024 83
0.000023 76
0.000024 73
0.000023 81
0.000027 78
0.000023 73
0.000024 87
0.000023 75
0.000060 74
0.000015 69
0.000020 2
0.000024 69
0.000027 2
0.000025 80
0.000023 75
0.000032 75
0.000035 74
0.000024 143
0.000023 72
0.000023 72
0.000024 69
0.000023 77
0.000024 78
0.000023 67
0.000024 86
0.000023 86
0.000024 90
0.000023 82
0.000027 88
0.000024 95
0.000023 99
0.000654 87
0.000041 95
0.000025 179
0.000024 89
0.000023 76
0.000024 84
0.000024 87
0.000023 88
0.000024 86
0.000024 86
0.000024 93
0.000023 89
0.000024 86
0.000023 79
0.000024 68
0.000024 80
0.000024 87
0.000023 78
0.000024 81
0.000023 63
0.000023 68
0.000024 81
0.000024 85
0.000023 69
0.000027 74
0.000024 79
0.000023 66
0.000024 84
0.000030 80
0.000024 135
0.000097 72
0.000045 279
0.000037 132
0.000023 137
0.000024 76
0.000023 78
0.000023 70
0.000023 77
0.000024 72
0.000023 70
0.000026 70
0.000023 72
0.000031 65
0.000023 140
0.000023 73
0.000023 63
0.000024 74
0.000023 76
0.000023 68
0.000023 65
0.000023 86
0.000023 82
0.000023 74
0.000023 83
0.000023 73
0.000027 74
0.000030 70
0.000024 128
0.000023 81
0.000023 88
0.000024 86
0.000023 67
0.000023 72
0.000023 77
0.000023 74
0.000022 63
0.000052 63
0.000547 66
0.000043 2
0.000025 65
0.000023 69
0.000023 66
0.000023 68
0.000023 83
0.000023 64
0.000027 66
0.000023 74
0.000030 68
0.000024 152
0.000023 64
0.000023 67
0.000024 72
0.000023 72
0.000066 85
0.000052 82
0.000024 229
0.000024 74
0.000023 74
0.000023 71
0.000024 88
0.000026 86
0.000030 77
0.000024 125
0.000023 67
0.000023 63
0.000024 79
0.000023 76
0.000023 65
0.000024 72
0.000023 79
0.000023 82
0.000023 66
0.000024 63
0.000023 78
0.000023 75
0.000023 74
0.000027 79
0.000023 69
0.000030 67
0.000024 136
0.000023 68
0.000023 70
0.000023 72
0.000024 73
0.000024 69
0.000023 76
0.000023 63
0.000023 70
0.000023 71
0.000026 68
0.000023 65
0.000080 67
0.000030 66
0.000024 68
0.000023 83
0.000023 75
0.000168 77
0.000029 73
0.000025 76
0.000025 77
0.000039 74
0.000037 83
0.000036 85
0.000033 84
0.000038 63
0.000051 69
0.002516 69
0.000052 132
0.000026 140
0.000024 74
0.000027 65
0.000023 76
0.000023 73
0.000023 66
0.000024 68
0.000031 70
0.000024 144
0.000023 73
0.000023 77
0.000024 65
0.000023 68
0.000024 65
0.000023 74
0.000024 78
0.000024 82
0.000023 82
0.000023 73
0.000023 69
0.000027 71
0.000023 82
0.000031 83
0.000023 149
0.000024 72
0.000023 68
0.000024 65
0.000024 66
0.000023 68
0.000055 64
0.000016 74
0.000020 2
0.000025 70
0.000027 2
0.000023 75
0.000023 83
0.000024 75
0.000023 81
0.000023 74
0.000024 72
0.000029 77
0.000023 84
0.000024 87
0.000023 84
0.000023 79
0.000024 82
0.000031 85
0.000024 164
0.000023 84
0.000038 86
0.000049 82
0.000025 253
0.000025 74
0.000023 63
0.000024 68
0.000024 66
0.000023 73
0.000023 63
0.000023 66
0.000023 71
0.000027 64
0.000378 67
0.000020 27
0.000220 8
0.000057 94
1.763050 1
0.223777 1
0.858046 4
1.087073 1
11.758578 4
0.227563 1
0.199273 1
0.628663 1
0.244737 1
0.285229 1
2.143525 1
5.521339 1
0.143786 1
2.363861 1
0.452555 1
0.393747 1
0.310192 1
0.220482 1
0.437614 1
0.282482 1
3.599271 141
19.510649 1
0.122903 1
0.851085 4
0.976117 1
1.057444 1
1.167120 1
0.716072 4
0.200833 4
0.145177 4
0.142602 4
0.559234 1
0.124681 1
0.400092 11
0.155061 48
0.000409 130
1.557991 1
0.189136 1
1.295688 1
1.095266 1
0.221702 3
0.215185 3
1.574993 1
0.467683 1
6.099545 1
0.347116 1
0.521232 1
0.237564 1
2.778911 1
9.988097 1
0.502710 1
0.333564 1
0.267896 1
0.343419 1
0.227448 1
0.370426 1
2.573403 1
0.801342 1
0.729988 4
1.641261 1
0.237220 1
0.157872 1
0.489787 1
0.423096 1
0.334528 1
0.338728 1
0.323482 1
1.304366 1
1.507682 11
0.007524 8
0.000167 122
2.335856 1
0.105839 1
0.397208 1
0.880786 1
0.550307 1
0.374859 1
0.287626 1
0.133662 1
0.474454 1
0.567784 4
0.628332 1
0.331788 1
0.639853 1
0.311804 1
0.246670 1
0.445642 1
0.230814 1
0.181739 1
1.108677 1
0.454924 1
0.281090 1
0.172728 1
0.377684 1
0.268568 1
0.425352 1
0.288228 1
0.368212 1
1.565956 1
0.948670 107
1.308296 1
0.170051 1
0.358281 11
0.000805 86
0.000151 2
0.000532 8
0.000114 88
17.223731 1
0.387005 1
4.268329 1
0.500308 1
0.266891 1
0.198728 1
0.319790 1
0.439615 1
0.891917 1
0.599289 1
0.189189 1
0.168990 1
0.289706 1
2.747156 1
0.359092 1
0.603940 1
0.241181 1
0.185268 1
0.242361 1
0.230231 1
1.300005 1
0.876648 1
0.238557 1
0.170780 1
0.293845 1
0.763190 1
1.439247 11
0.009439 8
0.000180 88
1.451519 1
0.352698 1
0.292355 1
0.217972 1
0.894166 4
0.175778 4
0.168747 4
0.138734 4
0.617361 1
0.145731 1
0.318228 11
0.001987 72
0.000200 2
0.000783 8
0.000175 88
3.346874 1
1.081768 4
0.720097 1
0.260689 1
0.209249 1
0.326952 1
1.482154 17
