0.073012 8
0.000173 78
3.379599 1
0.138211 1
0.426797 1
0.301112 1
0.170335 1
0.333676 87
0.279696 1
0.114056 1
0.321521 1
0.203928 1
0.144736 1
0.407533 95
0.472733 1
0.119182 1
0.524315 1
0.171044 1
0.337122 1
0.375842 87
10.711302 1
0.103756 1
0.348822 1
0.548500 1
0.252892 1
0.357090 1
0.373667 93
1.234711 1
0.155267 1
0.258562 1
1.489902 4
0.180047 4
0.168524 4
5.881218 1
0.270721 1
0.345429 1
0.244257 1
0.494648 1
0.169778 1
0.382205 1
0.511458 1
0.179685 1
0.694362 1
1.422190 4
0.199704 4
0.183687 4
0.149479 4
0.401856 4
0.280084 4
0.592263 1
0.205755 1
0.254430 1
0.193104 1
0.345419 1
0.423677 1
0.321222 1
5.627537 1
0.624260 7
0.647546 3
0.878095 11
0.002965 31
0.000132 2
0.000065 47
0.000073 2
0.000150 36
0.000089 2
0.000055 36
0.000059 2
0.000052 34
0.000058 2
0.000051 47
0.000061 2
0.000051 47
0.000077 2
0.000094 44
0.000090 2
0.000079 43
0.000145 2
0.000081 49
0.000087 2
0.000031 51
0.000025 2
0.000022 42
0.000026 2
0.000025 52
0.000025 2
0.000024 52
0.000022 2
0.000026 61
0.000026 2
0.000024 44
0.000023 2
0.000026 81
0.000025 2
0.000173 58
0.000030 2
0.000026 86
0.000026 2
0.000026 76
0.000024 2
0.000023 89
0.000073 2
0.000045 52
0.000042 2
0.000039 48
0.000030 2
0.000025 48
0.000024 2
0.000033 59
0.000018 2
0.000033 45
0.000038 2
0.000026 49
0.000022 2
0.000022 66
0.000017 2
0.000016 54
0.000016 2
0.000156 62
0.000018 2
0.000017 71
0.000016 2
0.000017 72
0.000016 2
0.000017 98
0.000016 2
0.000016 43
0.000016 2
0.000017 49
0.000016 2
0.000017 85
0.000016 2
0.000016 5
0.000018 65
0.000017 2
0.000016 53
0.000016 2
0.000062 65
0.000024 2
0.000017 56
0.000016 2
0.000017 62
0.000016 2
0.000016 66
0.000018 2
0.000773 8
0.000148 74
1.928213 1
0.080142 1
2.025241 4
0.209008 4
0.684731 1
0.293824 1
0.363451 1
0.262574 1
4.608270 1
0.222674 1
0.310040 1
0.415229 1
0.211062 1
0.338566 1
0.631548 1
0.207467 1
2.719052 11
0.006823 67
0.000141 2
0.000064 22
0.000059 2
0.000484 8
0.000182 74
2.213167 1
0.354964 1
0.304013 1
0.204099 1
0.359007 17
