0.056019 8
0.000425 68
2.267657 1
0.148634 1
3.116970 1
23.302838 1
0.205855 1
0.186527 1
0.306801 1
0.194831 1
0.400755 1
0.395193 1
0.375610 1
2.828684 1
1.907263 4
0.502831 4
0.031911 4
0.030430 4
0.030372 4
0.030011 4
0.030570 4
0.032144 4
0.030573 4
0.031629 4
0.197821 4
0.171046 4
0.830256 1
0.150167 1
0.287972 1
0.251494 1
0.184482 1
0.328488 1
0.370542 1
0.182357 1
0.152230 1
0.330178 1
1.164712 1
0.354764 1
0.675669 1
0.186284 1
0.177053 1
0.325282 1
0.807048 1
0.922825 11
0.000220 8
0.000112 68
6.505762 1
0.204844 1
0.248901 1
0.258771 1
0.605215 1
0.201974 1
0.161637 1
0.291524 1
1.382801 1
0.855433 11
0.038656 47
0.000176 26
0.000074 7
0.000565 45
0.000149 7
0.003816 13
0.000192 29
0.000113 23
0.000105 4
0.000355 14
0.000833 1796
2.362135 45
1.595176 1
0.645090 30
3.629708 1
0.869728 1
0.365398 15
0.800665 64
1.445381 61
0.212565 47
0.467912 61
0.873395 45
0.671482 57
0.168748 27
0.129017 67
0.964572 47
0.382115 46
2.850521 42
0.628147 43
1.946768 22
0.100955 55
0.774596 22
0.101022 55
0.525089 22
0.101147 55
0.414660 22
0.100497 55
0.532466 22
0.100709 55
0.098473 22
0.100450 54
0.089910 22
0.100343 54
0.085678 22
0.100459 55
0.575052 46
2.067474 1
0.828940 96
1.022326 27
0.305823 69
0.511440 43
0.197174 27
0.506104 44
0.127217 136
0.177319 28
0.190094 28
0.788560 36
0.215633 36
2.075489 28
0.412334 28
0.876481 28
0.163950 28
0.172197 28
0.914214 38
2.406251 28
0.297552 28
0.229804 27
0.604295 28
0.255956 28
0.189793 28
0.219441 28
0.771811 38
1.186896 28
0.237218 28
0.147548 28
0.125052 27
0.767052 28
0.195843 28
0.029786 28
0.198931 28
0.154465 30
2.294949 38
0.101042 48
2.571305 46
1.068430 1
0.230351 1
2.130876 44
0.039202 8
0.000263 7
0.000097 1
0.000249 2
0.000102 23
0.000102 29
0.006895 8
0.000160 68
2.870571 9
1.108308 4
0.400280 1
0.359993 1
0.863552 11
0.039964 47
0.000184 26
0.000080 7
0.000578 45
0.000250 7
0.003416 13
0.000148 29
0.000140 23
0.000109 4
0.000145 14
0.000879 1796
1.319377 42
0.376411 43
0.246694 42
0.191283 42
4.049379 45
1.919427 1
0.439621 104
2.052792 43
1.236073 27
0.040618 44
0.110602 27
0.036553 43
0.034346 104
2.472067 30
0.237836 28
0.675575 28
0.170262 28
0.199353 28
0.616915 38
1.059383 28
0.230736 28
0.981279 27
0.139235 28
0.216825 28
0.164431 28
0.192584 27
0.658763 28
0.220230 30
0.192661 29
0.177571 29
2.127343 28
0.172701 29
0.122907 29
0.470427 39
1.359681 28
0.242378 28
0.252254 28
0.277060 28
0.532554 36
1.004710 28
0.233552 28
0.220206 28
0.206216 28
0.147354 28
7.248638 38
0.100557 47
1.546479 46
1.101412 1
0.271393 1
0.798423 114
0.001582 8
0.000312 68
6.802332 1
0.199841 1
0.726131 4
0.636270 1
0.286169 1
0.243117 1
0.858935 1
0.221114 1
0.170576 1
0.258572 1
0.255042 1
0.326699 1
0.384163 1
0.162643 1
0.146498 1
0.297578 1
0.412393 1
0.988505 11
0.002694 35
0.000144 2
0.000434 8
0.000203 68
4.314983 1
0.229169 1
0.299050 1
0.175550 1
0.337492 1
0.481766 1
0.160578 1
0.152088 1
0.271893 1
0.254084 1
0.259995 1
0.647750 1
0.196545 1
0.154466 1
0.225180 1
1.502210 1
0.984305 11
0.009721 7
0.000157 2
0.000077 9
0.000202 2
0.000084 11
0.000062 2
0.000057 3
0.000055 2
0.000081 16
0.000090 2
0.000066 10
0.000125 2
0.000550 8
0.000132 68
2.134864 1
0.346166 1
0.552606 1
1.266719 4
0.723692 1
0.167805 1
0.676529 17
