0.044335 8
0.000182 78
2.451128 1
0.116159 1
1.787786 1
13.192713 1
0.211457 1
0.505430 87
1.525358 1
0.119188 1
0.516434 1
0.729000 1
0.430752 1
0.290990 1
7.940582 11
0.009779 9
0.000133 2
0.000158 70
0.000077 2
0.000070 71
0.000106 2
0.000083 57
0.000069 2
0.000068 57
0.000068 2
0.000067 70
0.000070 2
0.000068 57
0.000067 2
0.000067 59
0.000067 2
0.000067 57
0.000068 2
0.000068 57
0.000095 2
0.000072 57
0.000069 2
0.000068 57
0.000067 2
0.000068 59
0.000068 2
0.000068 72
0.000070 2
0.000067 69
0.000070 2
0.000066 71
0.000070 2
0.000067 71
0.000107 2
0.000071 67
0.000069 2
0.000068 70
0.000070 2
0.000070 68
0.000070 2
0.000163 71
0.000073 2
0.000069 68
0.000069 2
0.000577 8
0.000116 68
5.362402 1
0.124380 1
0.487056 1
0.416522 1
3.971182 1
0.228580 1
0.355159 1
0.366971 1
4.215230 11
0.001340 4
0.000087 17
0.000130 27
0.000073 2
0.000512 8
0.000107 68
1.648458 8
0.380927 1
0.846189 7
0.530807 3
0.715580 11
0.001577 9
0.000141 2
0.000155 72
0.000074 2
0.000070 71
0.000068 2
0.000066 68
0.000069 2
0.000100 70
0.000069 2
0.000066 67
0.000066 2
0.000068 71
0.000067 2
0.000065 71
0.000067 2
0.000031 69
0.000017 2
0.000025 72
0.000078 2
0.000033 59
0.000018 2
0.000025 57
0.000017 2
0.000025 57
0.000017 2
0.000025 57
0.000096 2
0.000058 57
0.000025 2
0.000030 59
0.000017 2
0.000025 57
0.000017 2
0.000024 70
0.000017 2
0.000025 57
0.000017 2
0.000126 57
0.000020 2
0.000027 71
0.000017 2
0.000023 66
0.000017 2
0.000656 8
0.000107 68
2.092969 1
0.341317 1
0.329947 1
0.226098 1
0.436652 17
